This file contains any messages produced by compilers while
running configure, to aid debugging if configure makes a mistake.

It was created by REST VOL configure 1.0.0, which was
generated by GNU Autoconf 2.69.  Invocation command line was

  $ ./configure --prefix=/usr/vol-rest --with-hdf5=/usr/hdf5 --with-curl=/usr/curl LIBS=-lzstd

## --------- ##
## Platform. ##
## --------- ##

hostname = hepslustretest02.ihep.ac.cn
uname -m = x86_64
uname -r = 3.10.0-1160.105.1.el7.x86_64
uname -s = Linux
uname -v = #1 SMP Thu Dec 7 15:39:45 UTC 2023

/usr/bin/uname -p = x86_64
/bin/uname -X     = unknown

/bin/arch              = x86_64
/usr/bin/arch -k       = unknown
/usr/convex/getsysinfo = unknown
/usr/bin/hostinfo      = unknown
/bin/machine           = unknown
/usr/bin/oslevel       = unknown
/bin/universe          = unknown

PATH: root/fsc/jmeter_test/apache-jmeter-5.6.3/bin
PATH: /usr/curl/bin
PATH: /usr/curl
PATH: /usr/hdf5/bin
PATH: /usr/hdf5
PATH: /home/openmpi/bin
PATH: /home/ior/bin
PATH: /opt/rh/devtoolset-9/root/usr/bin
PATH: root/fsc/jmeter_test/apache-jmeter-5.6.3/bin
PATH: /usr/curl/bin
PATH: /usr/curl
PATH: /usr/hdf5/bin
PATH: /usr/hdf5
PATH: /home/openmpi/bin
PATH: /home/ior/bin
PATH: /root/.vscode-server/cli/servers/Stable-dc96b837cf6bb4af9cd736aa3af08cf8279f7685/server/bin/remote-cli
PATH: /usr/local/python3/bin
PATH: root/fsc/jmeter_test/apache-jmeter-5.6.3/bin
PATH: /usr/curl/bin
PATH: /usr/curl
PATH: /usr/hdf5/bin
PATH: /usr/hdf5
PATH: /home/openmpi/bin
PATH: /home/ior/bin
PATH: root/fsc/jmeter_test/apache-jmeter-5.6.3/bin
PATH: /usr/curl/bin
PATH: /usr/curl
PATH: /usr/hdf5/bin
PATH: /usr/hdf5
PATH: /home/openmpi/bin
PATH: /home/ior/bin
PATH: /root/anaconda3/condabin
PATH: /usr/local/sbin
PATH: /usr/local/bin
PATH: /usr/sbin
PATH: /usr/bin
PATH: /opt/puppetlabs/bin
PATH: /root/bin


## ----------- ##
## Core tests. ##
## ----------- ##

configure:2639: checking for a BSD-compatible install
configure:2707: result: /usr/bin/install -c
configure:2718: checking whether build environment is sane
configure:2773: result: yes
configure:2924: checking for a thread-safe mkdir -p
configure:2963: result: /usr/bin/mkdir -p
configure:2970: checking for gawk
configure:2986: found /usr/bin/gawk
configure:2997: result: gawk
configure:3008: checking whether make sets $(MAKE)
configure:3030: result: yes
configure:3059: checking whether make supports nested variables
configure:3076: result: yes
configure:3171: checking whether make supports nested variables
configure:3188: result: yes
configure:3212: checking whether to enable maintainer-specific portions of Makefiles
configure:3221: result: no
configure:3284: checking for style of include used by make
configure:3312: result: GNU
configure:3383: checking for gcc
configure:3399: found /opt/rh/devtoolset-9/root/usr/bin/gcc
configure:3410: result: gcc
configure:3639: checking for C compiler version
configure:3648: gcc --version >&5
gcc (GCC) 9.3.1 20200408 (Red Hat 9.3.1-2)
Copyright (C) 2019 Free Software Foundation, Inc.
This is free software; see the source for copying conditions.  There is NO
warranty; not even for MERCHANTABILITY or FITNESS FOR A PARTICULAR PURPOSE.

configure:3659: $? = 0
configure:3648: gcc -v >&5
Using built-in specs.
COLLECT_GCC=gcc
COLLECT_LTO_WRAPPER=/opt/rh/devtoolset-9/root/usr/libexec/gcc/x86_64-redhat-linux/9/lto-wrapper
Target: x86_64-redhat-linux
Configured with: ../configure --enable-bootstrap --enable-languages=c,c++,fortran,lto --prefix=/opt/rh/devtoolset-9/root/usr --mandir=/opt/rh/devtoolset-9/root/usr/share/man --infodir=/opt/rh/devtoolset-9/root/usr/share/info --with-bugurl=http://bugzilla.redhat.com/bugzilla --enable-shared --enable-threads=posix --enable-checking=release --enable-multilib --with-system-zlib --enable-__cxa_atexit --disable-libunwind-exceptions --enable-gnu-unique-object --enable-linker-build-id --with-gcc-major-version-only --with-linker-hash-style=gnu --with-default-libstdcxx-abi=gcc4-compatible --enable-plugin --enable-initfini-array --with-isl=/builddir/build/BUILD/gcc-9.3.1-20200408/obj-x86_64-redhat-linux/isl-install --disable-libmpx --enable-gnu-indirect-function --with-tune=generic --with-arch_32=x86-64 --build=x86_64-redhat-linux
Thread model: posix
gcc version 9.3.1 20200408 (Red Hat 9.3.1-2) (GCC) 
configure:3659: $? = 0
configure:3648: gcc -V >&5
gcc: error: unrecognized command line option '-V'
gcc: fatal error: no input files
compilation terminated.
configure:3659: $? = 1
configure:3648: gcc -qversion >&5
gcc: error: unrecognized command line option '-qversion'; did you mean '--version'?
gcc: fatal error: no input files
compilation terminated.
configure:3659: $? = 1
configure:3679: checking whether the C compiler works
configure:3701: gcc    conftest.c -lzstd >&5
configure:3705: $? = 0
configure:3753: result: yes
configure:3756: checking for C compiler default output file name
configure:3758: result: a.out
configure:3764: checking for suffix of executables
configure:3771: gcc -o conftest    conftest.c -lzstd >&5
configure:3775: $? = 0
configure:3797: result: 
configure:3819: checking whether we are cross compiling
configure:3827: gcc -o conftest    conftest.c -lzstd >&5
configure:3831: $? = 0
configure:3838: ./conftest
configure:3842: $? = 0
configure:3857: result: no
configure:3862: checking for suffix of object files
configure:3884: gcc -c   conftest.c >&5
configure:3888: $? = 0
configure:3909: result: o
configure:3913: checking whether we are using the GNU C compiler
configure:3932: gcc -c   conftest.c >&5
configure:3932: $? = 0
configure:3941: result: yes
configure:3950: checking whether gcc accepts -g
configure:3970: gcc -c -g  conftest.c >&5
configure:3970: $? = 0
configure:4011: result: yes
configure:4028: checking for gcc option to accept ISO C89
configure:4091: gcc  -c -g -O2  conftest.c >&5
configure:4091: $? = 0
configure:4104: result: none needed
configure:4126: checking dependency style of gcc
configure:4237: result: gcc3
configure:4253: checking for library containing curl_easy_setopt
configure:4284: gcc -o conftest -g -O2   conftest.c -lzstd >&5
/opt/rh/devtoolset-9/root/usr/libexec/gcc/x86_64-redhat-linux/9/ld: /tmp/cc5tMH2F.o: in function `main':
/root/vol-rest/conftest.c:22: undefined reference to `curl_easy_setopt'
collect2: error: ld returned 1 exit status
configure:4284: $? = 1
configure: failed program was:
| /* confdefs.h */
| #define PACKAGE_NAME "REST VOL"
| #define PACKAGE_TARNAME "rest-vol"
| #define PACKAGE_VERSION "1.0.0"
| #define PACKAGE_STRING "REST VOL 1.0.0"
| #define PACKAGE_BUGREPORT "help@hdfgroup.org"
| #define PACKAGE_URL ""
| #define PACKAGE "rest-vol"
| #define VERSION "1.0.0"
| /* end confdefs.h.  */
| 
| /* Override any GCC internal prototype to avoid an error.
|    Use char because int might match the return type of a GCC
|    builtin and then its argument prototype would still apply.  */
| #ifdef __cplusplus
| extern "C"
| #endif
| char curl_easy_setopt ();
| int
| main ()
| {
| return curl_easy_setopt ();
|   ;
|   return 0;
| }
configure:4284: gcc -o conftest -g -O2   conftest.c -lcurl  -lzstd >&5
configure:4284: $? = 0
configure:4301: result: -lcurl
configure:4311: checking for library containing yajl_tree_get
configure:4342: gcc -o conftest -g -O2   conftest.c -lcurl -lzstd >&5
/opt/rh/devtoolset-9/root/usr/libexec/gcc/x86_64-redhat-linux/9/ld: /tmp/ccfsPypV.o: in function `main':
/root/vol-rest/conftest.c:22: undefined reference to `yajl_tree_get'
collect2: error: ld returned 1 exit status
configure:4342: $? = 1
configure: failed program was:
| /* confdefs.h */
| #define PACKAGE_NAME "REST VOL"
| #define PACKAGE_TARNAME "rest-vol"
| #define PACKAGE_VERSION "1.0.0"
| #define PACKAGE_STRING "REST VOL 1.0.0"
| #define PACKAGE_BUGREPORT "help@hdfgroup.org"
| #define PACKAGE_URL ""
| #define PACKAGE "rest-vol"
| #define VERSION "1.0.0"
| /* end confdefs.h.  */
| 
| /* Override any GCC internal prototype to avoid an error.
|    Use char because int might match the return type of a GCC
|    builtin and then its argument prototype would still apply.  */
| #ifdef __cplusplus
| extern "C"
| #endif
| char yajl_tree_get ();
| int
| main ()
| {
| return yajl_tree_get ();
|   ;
|   return 0;
| }
configure:4342: gcc -o conftest -g -O2   conftest.c -lyajl  -lcurl -lzstd >&5
configure:4342: $? = 0
configure:4359: result: -lyajl
configure:4377: checking build system type
configure:4391: result: x86_64-unknown-linux-gnu
configure:4411: checking host system type
configure:4424: result: x86_64-unknown-linux-gnu
configure:4483: checking shell variables initial values
ACLOCAL='${SHELL} /root/vol-rest/bin/missing aclocal-1.13'
AMDEPBACKSLASH='\'
AMDEP_FALSE='#'
AMDEP_TRUE=
AMTAR='$${TAR-tar}'
AM_BACKSLASH='\'
AM_CFLAGS=
AM_CPPFLAGS=
AM_DEFAULT_V='$(AM_DEFAULT_VERBOSITY)'
AM_DEFAULT_VERBOSITY=0
AM_LDFLAGS=
AM_V='$(V)'
AR_FLAGS=
AUTOCONF='${SHELL} /root/vol-rest/bin/missing autoconf'
AUTOHEADER='${SHELL} /root/vol-rest/bin/missing autoheader'
AUTOMAKE='${SHELL} /root/vol-rest/bin/missing automake-1.13'
AWK=gawk
BASH=/bin/sh
BASHOPTS=cmdhist:extquote:force_fignore:hostcomplete:interactive_comments:progcomp:promptvars:sourcepath
BASH_ALIASES=()
BASH_ARGC=([0]="4")
BASH_ARGV=([0]="LIBS=-lzstd" [1]="--with-curl=/usr/curl" [2]="--with-hdf5=/usr/hdf5" [3]="--prefix=/usr/vol-rest")
BASH_CMDS=()
BASH_LINENO=([0]="0")
BASH_SOURCE=([0]="./configure")
BASH_VERSINFO=([0]="4" [1]="2" [2]="46" [3]="2" [4]="release" [5]="x86_64-redhat-linux-gnu")
BASH_VERSION='4.2.46(2)-release'
BROWSER=/root/.vscode-server/cli/servers/Stable-dc96b837cf6bb4af9cd736aa3af08cf8279f7685/server/bin/helpers/browser.sh
CC=gcc
CCDEPMODE=depmode=gcc3
CFLAGS='-g -O2'
CLASSPATH=root/fsc/jmeter_test/apache-jmeter-5.6.3/lib/ext/ApacheJMeter_core.jar:root/fsc/jmeter_test/apache-jmeter-5.6.3/lib/jorphan.jar:root/fsc/jmeter_test/apache-jmeter-5.6.3/lib/ext/ApacheJMeter_core.jar:root/fsc/jmeter_test/apache-jmeter-5.6.3/lib/jorphan.jar:root/fsc/jmeter_test/apache-jmeter-5.6.3/lib/ext/ApacheJMeter_core.jar:root/fsc/jmeter_test/apache-jmeter-5.6.3/lib/jorphan.jar:root/fsc/jmeter_test/apache-jmeter-5.6.3/lib/ext/ApacheJMeter_core.jar:root/fsc/jmeter_test/apache-jmeter-5.6.3/lib/jorphan.jar:
COLORTERM=truecolor
CONDA_EXE=/root/anaconda3/bin/conda
CONDA_PYTHON_EXE=/root/anaconda3/bin/python
CONDA_SHLVL=0
CPPFLAGS=' -I/usr/include'
CYGPATH_W=echo
DEPDIR=.deps
DIRSTACK=()
DUALCASE=1
ECHO_C=
ECHO_N=-n
ECHO_T=
EUID=0
EXEEXT=
GCC=yes
GIT_ASKPASS=/root/.vscode-server/cli/servers/Stable-dc96b837cf6bb4af9cd736aa3af08cf8279f7685/server/extensions/git/dist/askpass.sh
GROUPS=()
HDF5_PLUGIN_PATH=/usr/vol-rest/lib
HDF5_VOL_CONNECTOR=REST
HISTCONTROL=ignorespace
HISTSIZE=1000
HOME=/root
HOSTNAME=hepslustretest02.ihep.ac.cn
HOSTTYPE=x86_64
HSDS_ENDPOINT=https://10.5.125.25:1091
HSDS_PASSWORD=fsc
HSDS_USERNAME=fsc
IFS=' 	
'
INCLUDE=/home/openmpi/include:
INFOPATH=/opt/rh/devtoolset-9/root/usr/share/info
INSTALL='/usr/bin/install -c'
INSTALL_DATA='${INSTALL} -m 644'
INSTALL_PROGRAM='${INSTALL}'
INSTALL_SCRIPT='${INSTALL}'
INSTALL_STRIP_PROGRAM='$(install_sh) -c -s'
JMETER_HOME=root/fsc/jmeter_test/apache-jmeter-5.6.3
LANG=en_US.UTF-8
LANGUAGE=C
LC_ALL=C
LDFLAGS=
LD_LIBRARY_PATH=/usr/curl/lib:/usr/hdf5/lib:/home/openmpi/lib:/home/ior/lib:/opt/rh/devtoolset-9/root/usr/lib64:/opt/rh/devtoolset-9/root/usr/lib:/opt/rh/devtoolset-9/root/usr/lib64/dyninst:/opt/rh/devtoolset-9/root/usr/lib/dyninst:/opt/rh/devtoolset-9/root/usr/lib64:/opt/rh/devtoolset-9/root/usr/lib:/usr/curl/lib:/usr/hdf5/lib:/home/openmpi/lib:/home/ior/lib:/usr/curl/lib:/usr/hdf5/lib:/home/openmpi/lib:/home/ior/lib:/usr/curl/lib:/usr/hdf5/lib:/home/openmpi/lib:/home/ior/lib:
LESSOPEN='||/usr/bin/lesspipe.sh %s'
LIBOBJS=
LIBS='-lyajl -lcurl -lzstd -lzstd -lz -llz4'
LIB_SUFFIX=64
LINENO=4483
LOGNAME=root
LS_COLORS='rs=0:di=38;5;27:ln=38;5;51:mh=44;38;5;15:pi=40;38;5;11:so=38;5;13:do=38;5;5:bd=48;5;232;38;5;11:cd=48;5;232;38;5;3:or=48;5;232;38;5;9:mi=05;48;5;232;38;5;15:su=48;5;196;38;5;15:sg=48;5;11;38;5;16:ca=48;5;196;38;5;226:tw=48;5;10;38;5;16:ow=48;5;10;38;5;21:st=48;5;21;38;5;15:ex=38;5;34:*.tar=38;5;9:*.tgz=38;5;9:*.arc=38;5;9:*.arj=38;5;9:*.taz=38;5;9:*.lha=38;5;9:*.lz4=38;5;9:*.lzh=38;5;9:*.lzma=38;5;9:*.tlz=38;5;9:*.txz=38;5;9:*.tzo=38;5;9:*.t7z=38;5;9:*.zip=38;5;9:*.z=38;5;9:*.Z=38;5;9:*.dz=38;5;9:*.gz=38;5;9:*.lrz=38;5;9:*.lz=38;5;9:*.lzo=38;5;9:*.xz=38;5;9:*.bz2=38;5;9:*.bz=38;5;9:*.tbz=38;5;9:*.tbz2=38;5;9:*.tz=38;5;9:*.deb=38;5;9:*.rpm=38;5;9:*.jar=38;5;9:*.war=38;5;9:*.ear=38;5;9:*.sar=38;5;9:*.rar=38;5;9:*.alz=38;5;9:*.ace=38;5;9:*.zoo=38;5;9:*.cpio=38;5;9:*.7z=38;5;9:*.rz=38;5;9:*.cab=38;5;9:*.jpg=38;5;13:*.jpeg=38;5;13:*.gif=38;5;13:*.bmp=38;5;13:*.pbm=38;5;13:*.pgm=38;5;13:*.ppm=38;5;13:*.tga=38;5;13:*.xbm=38;5;13:*.xpm=38;5;13:*.tif=38;5;13:*.tiff=38;5;13:*.png=38;5;13:*.svg=38;5;13:*.svgz=38;5;13:*.mng=38;5;13:*.pcx=38;5;13:*.mov=38;5;13:*.mpg=38;5;13:*.mpeg=38;5;13:*.m2v=38;5;13:*.mkv=38;5;13:*.webm=38;5;13:*.ogm=38;5;13:*.mp4=38;5;13:*.m4v=38;5;13:*.mp4v=38;5;13:*.vob=38;5;13:*.qt=38;5;13:*.nuv=38;5;13:*.wmv=38;5;13:*.asf=38;5;13:*.rm=38;5;13:*.rmvb=38;5;13:*.flc=38;5;13:*.avi=38;5;13:*.fli=38;5;13:*.flv=38;5;13:*.gl=38;5;13:*.dl=38;5;13:*.xcf=38;5;13:*.xwd=38;5;13:*.yuv=38;5;13:*.cgm=38;5;13:*.emf=38;5;13:*.axv=38;5;13:*.anx=38;5;13:*.ogv=38;5;13:*.ogx=38;5;13:*.aac=38;5;45:*.au=38;5;45:*.flac=38;5;45:*.mid=38;5;45:*.midi=38;5;45:*.mka=38;5;45:*.mp3=38;5;45:*.mpc=38;5;45:*.ogg=38;5;45:*.ra=38;5;45:*.wav=38;5;45:*.axa=38;5;45:*.oga=38;5;45:*.spx=38;5;45:*.xspf=38;5;45:'
MACHTYPE=x86_64-redhat-linux-gnu
MAINT='#'
MAINTAINER_MODE_FALSE=
MAINTAINER_MODE_TRUE='#'
MAKEFLAGS=
MAKEINFO='${SHELL} /root/vol-rest/bin/missing makeinfo'
MANPATH=/opt/rh/devtoolset-9/root/usr/share/man::/opt/puppetlabs/puppet/share/man
MFLAGS=
MISSING='${SHELL} /root/vol-rest/bin/missing'
MKDIR_P='/usr/bin/mkdir -p'
OBJEXT=o
OLDPWD=/root/vol-rest/conftest.dir
OPTERR=1
OPTIND=1
OSTYPE=linux-gnu
PACKAGE=rest-vol
PACKAGE_BUGREPORT=help@hdfgroup.org
PACKAGE_NAME='REST VOL'
PACKAGE_STRING='REST VOL 1.0.0'
PACKAGE_TARNAME=rest-vol
PACKAGE_URL=
PACKAGE_VERSION=1.0.0
PATH=root/fsc/jmeter_test/apache-jmeter-5.6.3/bin:/usr/curl/bin:/usr/curl:/usr/hdf5/bin:/usr/hdf5:/home/openmpi/bin:/home/ior/bin:/opt/rh/devtoolset-9/root/usr/bin:root/fsc/jmeter_test/apache-jmeter-5.6.3/bin:/usr/curl/bin:/usr/curl:/usr/hdf5/bin:/usr/hdf5:/home/openmpi/bin:/home/ior/bin:/root/.vscode-server/cli/servers/Stable-dc96b837cf6bb4af9cd736aa3af08cf8279f7685/server/bin/remote-cli:/usr/local/python3/bin:root/fsc/jmeter_test/apache-jmeter-5.6.3/bin:/usr/curl/bin:/usr/curl:/usr/hdf5/bin:/usr/hdf5:/home/openmpi/bin:/home/ior/bin:root/fsc/jmeter_test/apache-jmeter-5.6.3/bin:/usr/curl/bin:/usr/curl:/usr/hdf5/bin:/usr/hdf5:/home/openmpi/bin:/home/ior/bin:/root/anaconda3/condabin:/usr/local/sbin:/usr/local/bin:/usr/sbin:/usr/bin:/opt/puppetlabs/bin:/root/bin
PATH_SEPARATOR=:
PCP_DIR=/opt/rh/devtoolset-9/root
PIPESTATUS=([0]="0")
PKG_CONFIG_PATH=/opt/rh/devtoolset-9/root/usr/lib64/pkgconfig
POSIXLY_CORRECT=y
PPID=91337
PS1='$ '
PS2='> '
PS4='+ '
PWD=/root/vol-rest
PYTHON_HOME=/usr/local/python3
SERVER_NUM=1
SET_MAKE=
SHELL=/bin/sh
SHELLOPTS=braceexpand:hashall:interactive-comments:posix
SHLVL=10
SN_PORT=80
SSH_CLIENT='192.168.32.116 5812 22'
SSH_CONNECTION='192.168.32.116 5812 192.168.60.202 22'
SSL_CERT_DIR=/etc/pki/tls/certs
SSL_CERT_FILE=/etc/pki/ca-trust/extracted/pem/tls-ca-bundle.pem
TERM=xterm-256color
TERM_PROGRAM=vscode
TERM_PROGRAM_VERSION=1.89.1
UID=0
USER=root
USE_MAINTAINER_MODE=no
VERSION=1.0.0
VSCODE_GIT_ASKPASS_EXTRA_ARGS=
VSCODE_GIT_ASKPASS_MAIN=/root/.vscode-server/cli/servers/Stable-dc96b837cf6bb4af9cd736aa3af08cf8279f7685/server/extensions/git/dist/askpass-main.js
VSCODE_GIT_ASKPASS_NODE=/root/.vscode-server/cli/servers/Stable-dc96b837cf6bb4af9cd736aa3af08cf8279f7685/server/node
VSCODE_GIT_IPC_HANDLE=/run/user/0/vscode-git-674112df12.sock
VSCODE_IPC_HOOK_CLI=/run/user/0/vscode-ipc-2d99e7b0-8ab2-4243-9c59-14d62b5701e9.sock
XDG_DATA_DIRS=/root/.local/share/flatpak/exports/share:/var/lib/flatpak/exports/share:/usr/local/share:/usr/share
XDG_RUNTIME_DIR=/run/user/0
XDG_SESSION_ID=707742
XRDMULTI_ENDPOINT='{https://10.5.125.25:1091,https://10.5.125.25:1092,https://10.5.125.25:1093,https://10.5.125.25:1094,https://10.5.125.25:1095,https://10.5.125.25:1096,https://10.5.125.25:1097,https://10.5.125.25:1098,https://10.5.125.25:1099,https://10.5.125.25:1090}'
X_SCLS='devtoolset-9 '
_='checking shell variables initial values... '
_CE_CONDA=
_CE_M=
_am_result=GNU
_am_tools='gnutar  pax cpio none'
ac_abs_confdir=/root/vol-rest
ac_arg=
ac_aux_dir=bin
ac_build_alias=x86_64-unknown-linux-gnu
ac_c_werror_flag=
ac_cache_corrupted=false
ac_clean_files=
ac_clean_files_save=
ac_compile='$CC -c $CFLAGS $CPPFLAGS conftest.$ac_ext >&5'
ac_compiler='$CC'
ac_compiler_gnu=yes
ac_confdir=.
ac_config_commands=' pubconf depfiles'
ac_config_guess='/bin/sh bin/config.guess'
ac_config_headers=' src/rest_vol_config.h'
ac_config_libobj_dir=.
ac_config_sub='/bin/sh bin/config.sub'
ac_configure='/bin/sh bin/configure'
ac_configure_args=' '\''--prefix=/usr/vol-rest'\'' '\''--with-hdf5=/usr/hdf5'\'' '\''--with-curl=/usr/curl'\'' '\''LIBS=-lzstd'\'''
ac_cpp='$CPP $CPPFLAGS'
ac_ct_CC=gcc
ac_cv_build=x86_64-unknown-linux-gnu
ac_cv_c_compiler_gnu=yes
ac_cv_env_CC_set=
ac_cv_env_CC_value=
ac_cv_env_CFLAGS_set=
ac_cv_env_CFLAGS_value=
ac_cv_env_CPPFLAGS_set=
ac_cv_env_CPPFLAGS_value=
ac_cv_env_CPP_set=
ac_cv_env_CPP_value=
ac_cv_env_LDFLAGS_set=
ac_cv_env_LDFLAGS_value=
ac_cv_env_LIBS_set=set
ac_cv_env_LIBS_value=-lzstd
ac_cv_env_build_alias_set=
ac_cv_env_build_alias_value=
ac_cv_env_host_alias_set=
ac_cv_env_host_alias_value=
ac_cv_env_target_alias_set=
ac_cv_env_target_alias_value=
ac_cv_host=x86_64-unknown-linux-gnu
ac_cv_objext=o
ac_cv_path_install='/usr/bin/install -c'
ac_cv_path_mkdir=/usr/bin/mkdir
ac_cv_prog_AWK=gawk
ac_cv_prog_ac_ct_CC=gcc
ac_cv_prog_cc_c89=
ac_cv_prog_cc_g=yes
ac_cv_prog_make_make_set=yes
ac_cv_search_curl_easy_setopt=-lcurl
ac_cv_search_yajl_tree_get=-lyajl
ac_dashdash=
ac_default_prefix=/root/vol-rest/rest_vol_build
ac_dir=bin
ac_env_CC_set=
ac_env_CC_value=
ac_env_CFLAGS_set=
ac_env_CFLAGS_value=
ac_env_CPPFLAGS_set=
ac_env_CPPFLAGS_value=
ac_env_CPP_set=
ac_env_CPP_value=
ac_env_LDFLAGS_set=
ac_env_LDFLAGS_value=
ac_env_LIBS_set=set
ac_env_LIBS_value=-lzstd
ac_env_build_alias_set=
ac_env_build_alias_value=
ac_env_host_alias_set=
ac_env_host_alias_value=
ac_env_target_alias_set=
ac_env_target_alias_value=
ac_envvar=LIBS
ac_exec_ext=
ac_exeext=
ac_ext=c
ac_file=conftest.o
ac_files='a.out conftest.exe conftest a.exe a_out.exe b.out conftest.*'
ac_func_search_save_LIBS='-lcurl -lzstd'
ac_hostname=hepslustretest02.ihep.ac.cn
ac_includes_default='#include <stdio.h>
#ifdef HAVE_SYS_TYPES_H
# include <sys/types.h>
#endif
#ifdef HAVE_SYS_STAT_H
# include <sys/stat.h>
#endif
#ifdef STDC_HEADERS
# include <stdlib.h>
# include <stddef.h>
#else
# ifdef HAVE_STDLIB_H
#  include <stdlib.h>
# endif
#endif
#ifdef HAVE_STRING_H
# if !defined STDC_HEADERS && defined HAVE_MEMORY_H
#  include <memory.h>
# endif
# include <string.h>
#endif
#ifdef HAVE_STRINGS_H
# include <strings.h>
#endif
#ifdef HAVE_INTTYPES_H
# include <inttypes.h>
#endif
#ifdef HAVE_STDINT_H
# include <stdint.h>
#endif
#ifdef HAVE_UNISTD_H
# include <unistd.h>
#endif'
ac_init_help=
ac_init_version=false
ac_install_sh='bin/install-sh -c'
ac_lib=yajl
ac_link='$CC -o conftest$ac_exeext $CFLAGS $CPPFLAGS $LDFLAGS conftest.$ac_ext $LIBS >&5'
ac_link_default='$CC $CFLAGS $CPPFLAGS $LDFLAGS conftest.$ac_ext $LIBS >&5'
ac_ls_di='1879067159 .'
ac_make=make
ac_msg='sources are in ., but `cd .'\'' does not work'
ac_must_keep_next=false
ac_new_set=
ac_new_val=
ac_objext=o
ac_old_set=
ac_old_val=
ac_optarg=-lzstd
ac_option=-qversion
ac_pass=2
ac_precious_vars='build_alias
host_alias
target_alias
CC
CFLAGS
LDFLAGS
LIBS
CPPFLAGS
CPP'
ac_prev=
ac_prog=gawk
ac_pwd=/root/vol-rest
ac_pwd_ls_di='1879067159 .'
ac_res=-lyajl
ac_retval=0
ac_rmfiles=' a.out conftest.exe conftest a.exe a_out.exe b.out'
ac_save_CC=gcc
ac_save_CFLAGS=
ac_save_IFS=' 	
'
ac_save_c_werror_flag=
ac_script='s/[\\$]/&&/g;s/;s,x,x,$//'
ac_signal=0
ac_site_file=/usr/vol-rest/etc/config.site
ac_site_file1=/usr/vol-rest/share/config.site
ac_site_file2=/usr/vol-rest/etc/config.site
ac_srcdir_defaulted=yes
ac_status=0
ac_subst_files=
ac_subst_vars='am__EXEEXT_FALSE
am__EXEEXT_TRUE
LTLIBOBJS
LIBOBJS
HAVE_SHARED_CONDITIONAL_FALSE
HAVE_SHARED_CONDITIONAL_TRUE
enable_static
enable_shared
STATIC_SHARED
SEARCH
ROOT
CC_VERSION
WORDS_BIGENDIAN
BYTESEX
CONFIG_MODE
CONFIG_USER
CONFIG_DATE
RV_VERSION
OPTIMIZATION
PROFILING
ASSERTS
SYMBOLS
BUILD_TOOLS_FALSE
BUILD_TOOLS_TRUE
BUILD_TOOLS
BUILD_EXAMPLES_FALSE
BUILD_EXAMPLES_TRUE
BUILD_EXAMPLES
BUILD_TESTS_FALSE
BUILD_TESTS_TRUE
BUILD_TESTS
RV_YAJL_INSTALL_DIR
YAJL_DEFAULT_DIR_FALSE
YAJL_DEFAULT_DIR_TRUE
RV_CURL_INSTALL_DIR
CURL_DEFAULT_DIR_FALSE
CURL_DEFAULT_DIR_TRUE
RV_HDF5_INSTALL_DIR
TRACK_MEM_USAGE
CURL_DEBUG
LT_STATIC_EXEC
USE_PLUGINS_CONDITIONAL_FALSE
USE_PLUGINS_CONDITIONAL_TRUE
STATIC_EXEC
OTOOL64
OTOOL
LIPO
NMEDIT
DSYMUTIL
MANIFEST_TOOL
RANLIB
ac_ct_AR
DLLTOOL
OBJDUMP
LN_S
NM
ac_ct_DUMPBIN
DUMPBIN
LD
FGREP
SED
LIBTOOL
TR
AR
EGREP
GREP
CPP
BUILD_MODE
DEBUG_ENABLED_FALSE
DEBUG_ENABLED_TRUE
UNAME_INFO
AM_LDFLAGS
AM_CPPFLAGS
AM_CFLAGS
RV_LDFLAGS
RV_CPPFLAGS
RV_CFLAGS
H5_LDFLAGS
H5_CPPFLAGS
H5_CFLAGS
AR_FLAGS
host_os
host_vendor
host_cpu
host
build_os
build_vendor
build_cpu
build
am__fastdepCC_FALSE
am__fastdepCC_TRUE
CCDEPMODE
am__nodep
AMDEPBACKSLASH
AMDEP_FALSE
AMDEP_TRUE
am__quote
am__include
DEPDIR
OBJEXT
EXEEXT
ac_ct_CC
CPPFLAGS
LDFLAGS
CFLAGS
CC
LIB_SUFFIX
MAINT
MAINTAINER_MODE_FALSE
MAINTAINER_MODE_TRUE
AM_BACKSLASH
AM_DEFAULT_VERBOSITY
AM_DEFAULT_V
AM_V
am__untar
am__tar
AMTAR
am__leading_dot
SET_MAKE
AWK
mkdir_p
MKDIR_P
INSTALL_STRIP_PROGRAM
STRIP
install_sh
MAKEINFO
AUTOHEADER
AUTOMAKE
AUTOCONF
ACLOCAL
VERSION
PACKAGE
CYGPATH_W
am__isrc
INSTALL_DATA
INSTALL_SCRIPT
INSTALL_PROGRAM
target_alias
host_alias
build_alias
LIBS
ECHO_T
ECHO_N
ECHO_C
DEFS
mandir
localedir
libdir
psdir
pdfdir
dvidir
htmldir
infodir
docdir
oldincludedir
includedir
localstatedir
sharedstatedir
sysconfdir
datadir
datarootdir
libexecdir
sbindir
bindir
program_transform_name
prefix
exec_prefix
PACKAGE_URL
PACKAGE_BUGREPORT
PACKAGE_STRING
PACKAGE_VERSION
PACKAGE_TARNAME
PACKAGE_NAME
PATH_SEPARATOR
SHELL'
ac_test_CFLAGS=
ac_tool_prefix=
ac_try='$CC -o conftest$ac_exeext $CFLAGS $CPPFLAGS $LDFLAGS conftest.$ac_ext $LIBS >&5'
ac_try_echo='configure:4342: gcc -o conftest -g -O2   conftest.c -lyajl  -lcurl -lzstd >&5'
ac_unique_file=src/rest_vol.c
ac_unrecognized_opts=
ac_unrecognized_sep=
ac_user_opts='
enable_option_checking
enable_silent_rules
enable_maintainer_mode
enable_dependency_tracking
enable_build_mode
enable_shared
enable_static
with_pic
enable_fast_install
with_gnu_ld
with_sysroot
enable_libtool_lock
enable_static_exec
enable_sharedlib_rpath
enable_curl_debug
enable_mem_tracking
with_hdf5
with_curl
with_yajl
enable_tests
enable_examples
enable_tools
enable_symbols
enable_asserts
enable_profiling
enable_optimization
'
ac_useropt=curl
ac_useropt_orig=curl
ac_val='${datarootdir}/man'
ac_var=CPP
ac_word=gcc
am__api_version=1.13
am__fastdepCC_FALSE='#'
am__fastdepCC_TRUE=
am__include=include
am__leading_dot=.
am__minus_obj='-o sub/conftest.o'
am__nodep=_no
am__obj=sub/conftest.o
am__quote=
am__tar='$${TAR-tar} chof - "$$tardir"'
am__universal=false
am__untar='$${TAR-tar} xf -'
am_aux_dir=/root/vol-rest/bin
am_compiler_list='gcc3
gcc
hp
sgi
xlc
aix
tcc
pgcc
hp2
tru64
msvc7
msvc7msys
nosideeffect
dashmstdout
dashXmstdout
makedepend
cpp
msvisualcpp
msvcmsys
none'
am_cv_CC_dependencies_compiler_type=gcc3
am_cv_make_support_nested_variables=yes
am_depcomp=bin/depcomp
am_lf='
'
am_make=make
am_missing_run='${SHELL} /root/vol-rest/bin/missing '
am_sleep_pid=91458
as_basename=basename
as_bourne_compatible='if test -n "${ZSH_VERSION+set}" && (emulate sh) >/dev/null 2>&1; then :
  emulate sh
  NULLCMD=:
  # Pre-4.2 versions of Zsh do word splitting on ${1+"$@"}, which
  # is contrary to our usage.  Disable this feature.
  alias -g '\''${1+"$@"}'\''='\''"$@"'\''
  setopt NO_GLOB_SUBST
else
  case `(set -o) 2>/dev/null` in #(
  *posix*) :
    set -o posix ;; #(
  *) :
     ;;
esac
fi
'
as_cr_LETTERS=ABCDEFGHIJKLMNOPQRSTUVWXYZ
as_cr_Letters=abcdefghijklmnopqrstuvwxyzABCDEFGHIJKLMNOPQRSTUVWXYZ
as_cr_alnum=abcdefghijklmnopqrstuvwxyzABCDEFGHIJKLMNOPQRSTUVWXYZ0123456789
as_cr_digits=0123456789
as_cr_letters=abcdefghijklmnopqrstuvwxyz
as_dir=/opt/rh/devtoolset-9/root/usr/bin
as_dirname=dirname
as_echo='printf %s\n'
as_echo_n='printf %s'
as_executable_p=as_fn_executable_p
as_expr=expr
as_have_required=yes
as_lineno_1=477
as_lineno_1a=477
as_lineno_2=478
as_lineno_2a=478
as_lineno_stack=
as_ln_s='ln -s'
as_me=configure
as_mkdir_p='mkdir -p "$as_dir"'
as_myself=./configure
as_nl='
'
as_required='as_fn_return () { (exit $1); }
as_fn_success () { as_fn_return 0; }
as_fn_failure () { as_fn_return 1; }
as_fn_ret_success () { return 0; }
as_fn_ret_failure () { return 1; }

exitcode=0
as_fn_success || { exitcode=1; echo as_fn_success failed.; }
as_fn_failure && { exitcode=1; echo as_fn_failure succeeded.; }
as_fn_ret_success || { exitcode=1; echo as_fn_ret_success failed.; }
as_fn_ret_failure && { exitcode=1; echo as_fn_ret_failure succeeded.; }
if ( set x; as_fn_ret_success y && test x = "$1" ); then :

else
  exitcode=1; echo positional parameters were not saved.
fi
test x$exitcode = x0 || exit 1
test -x / || exit 1'
as_save_IFS=' 	
'
as_suggested='  as_lineno_1=198 as_lineno_1a=$LINENO
  as_lineno_2=199 as_lineno_2a=$LINENO
  eval '\''test "x$as_lineno_1'\''$as_run'\''" != "x$as_lineno_2'\''$as_run'\''" &&
  test "x`expr $as_lineno_1'\''$as_run'\'' + 1`" = "x$as_lineno_2'\''$as_run'\''"'\'' || exit 1
test $(( 1 + 1 )) = 2 || exit 1

  test -n "${ZSH_VERSION+set}${BASH_VERSION+set}" || (
    ECHO='\''\\\\\\\\\\\\\\\\\\\\\\\\\\\\\\\\\\\\\\\\\\\\\\\\\\\\\\\\\\\\\\\\\\\\\\\\\\\\\\\\\\\\\\\\\\\\\\\\\\\\\\\'\''
    ECHO=$ECHO$ECHO$ECHO$ECHO$ECHO
    ECHO=$ECHO$ECHO$ECHO$ECHO$ECHO$ECHO
    PATH=/empty FPATH=/empty; export PATH FPATH
    test "X`printf %s $ECHO`" = "X$ECHO" \
      || test "X`print -r -- $ECHO`" = "X$ECHO" ) || exit 1'
as_test_x='test -x'
as_tr_cpp='eval sed '\''y%*abcdefghijklmnopqrstuvwxyz%PABCDEFGHIJKLMNOPQRSTUVWXYZ%;s%[^_abcdefghijklmnopqrstuvwxyzABCDEFGHIJKLMNOPQRSTUVWXYZ0123456789]%_%g'\'''
as_tr_sh='eval sed '\''y%*+%pp%;s%[^_abcdefghijklmnopqrstuvwxyzABCDEFGHIJKLMNOPQRSTUVWXYZ0123456789]%_%g'\'''
as_unset=as_fn_unset
as_var=MAILPATH
bindir='${exec_prefix}/bin'
build=x86_64-unknown-linux-gnu
build_cpu=x86_64
build_os=linux-gnu
build_vendor=unknown
cache_file=/dev/null
cross_compiling=no
datadir='${datarootdir}'
datarootdir='${prefix}/share'
depcc=gcc
depmode=gcc3
docdir='${datarootdir}/doc/${PACKAGE_TARNAME}'
dvidir='${docdir}'
exec_prefix=NONE
host=x86_64-unknown-linux-gnu
host_cpu=x86_64
host_os=linux-gnu
host_vendor=unknown
htmldir='${docdir}'
i=6
includedir='${prefix}/include'
infodir='${datarootdir}/info'
install_sh='${SHELL} /root/vol-rest/bin/install-sh'
libdir='${exec_prefix}/lib'
libexecdir='${exec_prefix}/libexec'
localedir='${datarootdir}/locale'
localstatedir='${prefix}/var'
mandir='${datarootdir}/man'
mkdir_p='$(MKDIR_P)'
no_create=
no_recursion=
oldincludedir=/usr/include
pdfdir='${docdir}'
prefix=/usr/vol-rest
program_prefix=NONE
program_suffix=NONE
program_transform_name=s,x,x,
psdir='${docdir}'
saved_user_CFLAGS='-g -O2'
saved_user_CPPFLAGS=' -I/usr/include'
saved_user_LDFLAGS=
sbindir='${exec_prefix}/sbin'
sharedstatedir='${prefix}/com'
silent=
site=
srcdir=.
subdirs=
sysconfdir='${prefix}/etc'
target=
verbose=
with_curl=/usr/curl
with_hdf5=/usr/hdf5
x_includes=NONE
x_libraries=NONE
configure:4486: result: done
configure:4501: checking if basename works
configure:4507: result: yes
configure:4512: checking if xargs works
configure:4518: result: yes
configure:4526: checking for cached host
configure:4533: result: none
configure:4587: checking for config x86_64-unknown-linux-gnu
configure:4595: result: no
configure:4587: checking for config x86_64-unknown-linux-gnu
configure:4595: result: no
configure:4587: checking for config unknown-linux-gnu
configure:4595: result: no
configure:4587: checking for config unknown-linux-gnu
configure:4595: result: no
configure:4587: checking for config x86_64-linux-gnu
configure:4595: result: no
configure:4587: checking for config x86_64-linux-gnu
configure:4595: result: no
configure:4587: checking for config x86_64-unknown
configure:4595: result: no
configure:4587: checking for config linux-gnu
configure:4595: result: no
configure:4587: checking for config linux-gnu
configure:4595: result: no
configure:4587: checking for config unknown
configure:4595: result: no
configure:4587: checking for config x86_64
configure:4595: result: no
configure:4607: checking for config ./config/site-specific/host-hepslustretest02.ihep.ac.cn
configure:4615: result: no
configure:4607: checking for config ./config/site-specific/host-ihep.ac.cn
configure:4615: result: no
configure:4607: checking for config ./config/site-specific/host-ac.cn
configure:4615: result: no
configure:4607: checking for config ./config/site-specific/host-cn
configure:4615: result: no
configure:4628: checking build mode
configure:4669: result: production
configure:4744: checking for gcc
configure:4771: result: gcc
configure:5000: checking for C compiler version
configure:5009: gcc --version >&5
gcc (GCC) 9.3.1 20200408 (Red Hat 9.3.1-2)
Copyright (C) 2019 Free Software Foundation, Inc.
This is free software; see the source for copying conditions.  There is NO
warranty; not even for MERCHANTABILITY or FITNESS FOR A PARTICULAR PURPOSE.

configure:5020: $? = 0
configure:5009: gcc -v >&5
Using built-in specs.
COLLECT_GCC=gcc
COLLECT_LTO_WRAPPER=/opt/rh/devtoolset-9/root/usr/libexec/gcc/x86_64-redhat-linux/9/lto-wrapper
Target: x86_64-redhat-linux
Configured with: ../configure --enable-bootstrap --enable-languages=c,c++,fortran,lto --prefix=/opt/rh/devtoolset-9/root/usr --mandir=/opt/rh/devtoolset-9/root/usr/share/man --infodir=/opt/rh/devtoolset-9/root/usr/share/info --with-bugurl=http://bugzilla.redhat.com/bugzilla --enable-shared --enable-threads=posix --enable-checking=release --enable-multilib --with-system-zlib --enable-__cxa_atexit --disable-libunwind-exceptions --enable-gnu-unique-object --enable-linker-build-id --with-gcc-major-version-only --with-linker-hash-style=gnu --with-default-libstdcxx-abi=gcc4-compatible --enable-plugin --enable-initfini-array --with-isl=/builddir/build/BUILD/gcc-9.3.1-20200408/obj-x86_64-redhat-linux/isl-install --disable-libmpx --enable-gnu-indirect-function --with-tune=generic --with-arch_32=x86-64 --build=x86_64-redhat-linux
Thread model: posix
gcc version 9.3.1 20200408 (Red Hat 9.3.1-2) (GCC) 
configure:5020: $? = 0
configure:5009: gcc -V >&5
gcc: error: unrecognized command line option '-V'
gcc: fatal error: no input files
compilation terminated.
configure:5020: $? = 1
configure:5009: gcc -qversion >&5
gcc: error: unrecognized command line option '-qversion'; did you mean '--version'?
gcc: fatal error: no input files
compilation terminated.
configure:5020: $? = 1
configure:5024: checking whether we are using the GNU C compiler
configure:5052: result: yes
configure:5061: checking whether gcc accepts -g
configure:5122: result: yes
configure:5139: checking for gcc option to accept ISO C89
configure:5215: result: none needed
configure:5237: checking dependency style of gcc
configure:5348: result: gcc3
configure:5374: checking how to run the C preprocessor
configure:5405: gcc -E   -I/usr/include conftest.c
configure:5405: $? = 0
configure:5419: gcc -E   -I/usr/include conftest.c
conftest.c:11:10: fatal error: ac_nonexistent.h: No such file or directory
   11 | #include <ac_nonexistent.h>
      |          ^~~~~~~~~~~~~~~~~~
compilation terminated.
configure:5419: $? = 1
configure: failed program was:
| /* confdefs.h */
| #define PACKAGE_NAME "REST VOL"
| #define PACKAGE_TARNAME "rest-vol"
| #define PACKAGE_VERSION "1.0.0"
| #define PACKAGE_STRING "REST VOL 1.0.0"
| #define PACKAGE_BUGREPORT "help@hdfgroup.org"
| #define PACKAGE_URL ""
| #define PACKAGE "rest-vol"
| #define VERSION "1.0.0"
| /* end confdefs.h.  */
| #include <ac_nonexistent.h>
configure:5444: result: gcc -E
configure:5464: gcc -E   -I/usr/include conftest.c
configure:5464: $? = 0
configure:5478: gcc -E   -I/usr/include conftest.c
conftest.c:11:10: fatal error: ac_nonexistent.h: No such file or directory
   11 | #include <ac_nonexistent.h>
      |          ^~~~~~~~~~~~~~~~~~
compilation terminated.
configure:5478: $? = 1
configure: failed program was:
| /* confdefs.h */
| #define PACKAGE_NAME "REST VOL"
| #define PACKAGE_TARNAME "rest-vol"
| #define PACKAGE_VERSION "1.0.0"
| #define PACKAGE_STRING "REST VOL 1.0.0"
| #define PACKAGE_BUGREPORT "help@hdfgroup.org"
| #define PACKAGE_URL ""
| #define PACKAGE "rest-vol"
| #define VERSION "1.0.0"
| /* end confdefs.h.  */
| #include <ac_nonexistent.h>
configure:5507: checking for grep that handles long lines and -e
configure:5565: result: /usr/bin/grep
configure:5570: checking for egrep
configure:5632: result: /usr/bin/grep -E
configure:5637: checking for ANSI C header files
configure:5657: gcc -c  -g -O2   -I/usr/include conftest.c >&5
configure:5657: $? = 0
configure:5730: gcc -o conftest  -g -O2   -I/usr/include   conftest.c -lyajl -lcurl -lzstd -lzstd -lz -llz4 >&5
configure:5730: $? = 0
configure:5730: ./conftest
configure:5730: $? = 0
configure:5741: result: yes
configure:5754: checking for sys/types.h
configure:5754: gcc -c  -g -O2   -I/usr/include conftest.c >&5
configure:5754: $? = 0
configure:5754: result: yes
configure:5754: checking for sys/stat.h
configure:5754: gcc -c  -g -O2   -I/usr/include conftest.c >&5
configure:5754: $? = 0
configure:5754: result: yes
configure:5754: checking for stdlib.h
configure:5754: gcc -c  -g -O2   -I/usr/include conftest.c >&5
configure:5754: $? = 0
configure:5754: result: yes
configure:5754: checking for string.h
configure:5754: gcc -c  -g -O2   -I/usr/include conftest.c >&5
configure:5754: $? = 0
configure:5754: result: yes
configure:5754: checking for memory.h
configure:5754: gcc -c  -g -O2   -I/usr/include conftest.c >&5
configure:5754: $? = 0
configure:5754: result: yes
configure:5754: checking for strings.h
configure:5754: gcc -c  -g -O2   -I/usr/include conftest.c >&5
configure:5754: $? = 0
configure:5754: result: yes
configure:5754: checking for inttypes.h
configure:5754: gcc -c  -g -O2   -I/usr/include conftest.c >&5
configure:5754: $? = 0
configure:5754: result: yes
configure:5754: checking for stdint.h
configure:5754: gcc -c  -g -O2   -I/usr/include conftest.c >&5
configure:5754: $? = 0
configure:5754: result: yes
configure:5754: checking for unistd.h
configure:5754: gcc -c  -g -O2   -I/usr/include conftest.c >&5
configure:5754: $? = 0
configure:5754: result: yes
configure:5766: checking for off_t
configure:5766: gcc -c  -g -O2   -I/usr/include conftest.c >&5
configure:5766: $? = 0
configure:5766: gcc -c  -g -O2   -I/usr/include conftest.c >&5
conftest.c: In function 'main':
conftest.c:57:20: error: expected expression before ')' token
   57 | if (sizeof ((off_t)))
      |                    ^
configure:5766: $? = 1
configure: failed program was:
| /* confdefs.h */
| #define PACKAGE_NAME "REST VOL"
| #define PACKAGE_TARNAME "rest-vol"
| #define PACKAGE_VERSION "1.0.0"
| #define PACKAGE_STRING "REST VOL 1.0.0"
| #define PACKAGE_BUGREPORT "help@hdfgroup.org"
| #define PACKAGE_URL ""
| #define PACKAGE "rest-vol"
| #define VERSION "1.0.0"
| #define STDC_HEADERS 1
| #define HAVE_SYS_TYPES_H 1
| #define HAVE_SYS_STAT_H 1
| #define HAVE_STDLIB_H 1
| #define HAVE_STRING_H 1
| #define HAVE_MEMORY_H 1
| #define HAVE_STRINGS_H 1
| #define HAVE_INTTYPES_H 1
| #define HAVE_STDINT_H 1
| #define HAVE_UNISTD_H 1
| /* end confdefs.h.  */
| #include <stdio.h>
| #ifdef HAVE_SYS_TYPES_H
| # include <sys/types.h>
| #endif
| #ifdef HAVE_SYS_STAT_H
| # include <sys/stat.h>
| #endif
| #ifdef STDC_HEADERS
| # include <stdlib.h>
| # include <stddef.h>
| #else
| # ifdef HAVE_STDLIB_H
| #  include <stdlib.h>
| # endif
| #endif
| #ifdef HAVE_STRING_H
| # if !defined STDC_HEADERS && defined HAVE_MEMORY_H
| #  include <memory.h>
| # endif
| # include <string.h>
| #endif
| #ifdef HAVE_STRINGS_H
| # include <strings.h>
| #endif
| #ifdef HAVE_INTTYPES_H
| # include <inttypes.h>
| #endif
| #ifdef HAVE_STDINT_H
| # include <stdint.h>
| #endif
| #ifdef HAVE_UNISTD_H
| # include <unistd.h>
| #endif
| int
| main ()
| {
| if (sizeof ((off_t)))
| 	    return 0;
|   ;
|   return 0;
| }
configure:5766: result: yes
configure:5777: checking for size_t
configure:5777: gcc -c  -g -O2   -I/usr/include conftest.c >&5
configure:5777: $? = 0
configure:5777: gcc -c  -g -O2   -I/usr/include conftest.c >&5
conftest.c: In function 'main':
conftest.c:57:21: error: expected expression before ')' token
   57 | if (sizeof ((size_t)))
      |                     ^
configure:5777: $? = 1
configure: failed program was:
| /* confdefs.h */
| #define PACKAGE_NAME "REST VOL"
| #define PACKAGE_TARNAME "rest-vol"
| #define PACKAGE_VERSION "1.0.0"
| #define PACKAGE_STRING "REST VOL 1.0.0"
| #define PACKAGE_BUGREPORT "help@hdfgroup.org"
| #define PACKAGE_URL ""
| #define PACKAGE "rest-vol"
| #define VERSION "1.0.0"
| #define STDC_HEADERS 1
| #define HAVE_SYS_TYPES_H 1
| #define HAVE_SYS_STAT_H 1
| #define HAVE_STDLIB_H 1
| #define HAVE_STRING_H 1
| #define HAVE_MEMORY_H 1
| #define HAVE_STRINGS_H 1
| #define HAVE_INTTYPES_H 1
| #define HAVE_STDINT_H 1
| #define HAVE_UNISTD_H 1
| /* end confdefs.h.  */
| #include <stdio.h>
| #ifdef HAVE_SYS_TYPES_H
| # include <sys/types.h>
| #endif
| #ifdef HAVE_SYS_STAT_H
| # include <sys/stat.h>
| #endif
| #ifdef STDC_HEADERS
| # include <stdlib.h>
| # include <stddef.h>
| #else
| # ifdef HAVE_STDLIB_H
| #  include <stdlib.h>
| # endif
| #endif
| #ifdef HAVE_STRING_H
| # if !defined STDC_HEADERS && defined HAVE_MEMORY_H
| #  include <memory.h>
| # endif
| # include <string.h>
| #endif
| #ifdef HAVE_STRINGS_H
| # include <strings.h>
| #endif
| #ifdef HAVE_INTTYPES_H
| # include <inttypes.h>
| #endif
| #ifdef HAVE_STDINT_H
| # include <stdint.h>
| #endif
| #ifdef HAVE_UNISTD_H
| # include <unistd.h>
| #endif
| int
| main ()
| {
| if (sizeof ((size_t)))
| 	    return 0;
|   ;
|   return 0;
| }
configure:5777: result: yes
configure:5788: checking for ssize_t
configure:5788: gcc -c  -g -O2   -I/usr/include conftest.c >&5
configure:5788: $? = 0
configure:5788: gcc -c  -g -O2   -I/usr/include conftest.c >&5
conftest.c: In function 'main':
conftest.c:57:22: error: expected expression before ')' token
   57 | if (sizeof ((ssize_t)))
      |                      ^
configure:5788: $? = 1
configure: failed program was:
| /* confdefs.h */
| #define PACKAGE_NAME "REST VOL"
| #define PACKAGE_TARNAME "rest-vol"
| #define PACKAGE_VERSION "1.0.0"
| #define PACKAGE_STRING "REST VOL 1.0.0"
| #define PACKAGE_BUGREPORT "help@hdfgroup.org"
| #define PACKAGE_URL ""
| #define PACKAGE "rest-vol"
| #define VERSION "1.0.0"
| #define STDC_HEADERS 1
| #define HAVE_SYS_TYPES_H 1
| #define HAVE_SYS_STAT_H 1
| #define HAVE_STDLIB_H 1
| #define HAVE_STRING_H 1
| #define HAVE_MEMORY_H 1
| #define HAVE_STRINGS_H 1
| #define HAVE_INTTYPES_H 1
| #define HAVE_STDINT_H 1
| #define HAVE_UNISTD_H 1
| /* end confdefs.h.  */
| #include <stdio.h>
| #ifdef HAVE_SYS_TYPES_H
| # include <sys/types.h>
| #endif
| #ifdef HAVE_SYS_STAT_H
| # include <sys/stat.h>
| #endif
| #ifdef STDC_HEADERS
| # include <stdlib.h>
| # include <stddef.h>
| #else
| # ifdef HAVE_STDLIB_H
| #  include <stdlib.h>
| # endif
| #endif
| #ifdef HAVE_STRING_H
| # if !defined STDC_HEADERS && defined HAVE_MEMORY_H
| #  include <memory.h>
| # endif
| # include <string.h>
| #endif
| #ifdef HAVE_STRINGS_H
| # include <strings.h>
| #endif
| #ifdef HAVE_INTTYPES_H
| # include <inttypes.h>
| #endif
| #ifdef HAVE_STDINT_H
| # include <stdint.h>
| #endif
| #ifdef HAVE_UNISTD_H
| # include <unistd.h>
| #endif
| int
| main ()
| {
| if (sizeof ((ssize_t)))
| 	    return 0;
|   ;
|   return 0;
| }
configure:5788: result: yes
configure:5799: checking for ptrdiff_t
configure:5799: gcc -c  -g -O2   -I/usr/include conftest.c >&5
configure:5799: $? = 0
configure:5799: gcc -c  -g -O2   -I/usr/include conftest.c >&5
conftest.c: In function 'main':
conftest.c:57:24: error: expected expression before ')' token
   57 | if (sizeof ((ptrdiff_t)))
      |                        ^
configure:5799: $? = 1
configure: failed program was:
| /* confdefs.h */
| #define PACKAGE_NAME "REST VOL"
| #define PACKAGE_TARNAME "rest-vol"
| #define PACKAGE_VERSION "1.0.0"
| #define PACKAGE_STRING "REST VOL 1.0.0"
| #define PACKAGE_BUGREPORT "help@hdfgroup.org"
| #define PACKAGE_URL ""
| #define PACKAGE "rest-vol"
| #define VERSION "1.0.0"
| #define STDC_HEADERS 1
| #define HAVE_SYS_TYPES_H 1
| #define HAVE_SYS_STAT_H 1
| #define HAVE_STDLIB_H 1
| #define HAVE_STRING_H 1
| #define HAVE_MEMORY_H 1
| #define HAVE_STRINGS_H 1
| #define HAVE_INTTYPES_H 1
| #define HAVE_STDINT_H 1
| #define HAVE_UNISTD_H 1
| /* end confdefs.h.  */
| #include <stdio.h>
| #ifdef HAVE_SYS_TYPES_H
| # include <sys/types.h>
| #endif
| #ifdef HAVE_SYS_STAT_H
| # include <sys/stat.h>
| #endif
| #ifdef STDC_HEADERS
| # include <stdlib.h>
| # include <stddef.h>
| #else
| # ifdef HAVE_STDLIB_H
| #  include <stdlib.h>
| # endif
| #endif
| #ifdef HAVE_STRING_H
| # if !defined STDC_HEADERS && defined HAVE_MEMORY_H
| #  include <memory.h>
| # endif
| # include <string.h>
| #endif
| #ifdef HAVE_STRINGS_H
| # include <strings.h>
| #endif
| #ifdef HAVE_INTTYPES_H
| # include <inttypes.h>
| #endif
| #ifdef HAVE_STDINT_H
| # include <stdint.h>
| #endif
| #ifdef HAVE_UNISTD_H
| # include <unistd.h>
| #endif
| int
| main ()
| {
| if (sizeof ((ptrdiff_t)))
| 	    return 0;
|   ;
|   return 0;
| }
configure:5799: result: yes
configure:5810: checking whether byte ordering is bigendian
configure:5825: gcc -c  -g -O2   -I/usr/include conftest.c >&5
conftest.c:22:9: error: unknown type name 'not'
   22 |         not a universal capable compiler
      |         ^~~
conftest.c:22:15: error: expected '=', ',', ';', 'asm' or '__attribute__' before 'universal'
   22 |         not a universal capable compiler
      |               ^~~~~~~~~
conftest.c:22:15: error: unknown type name 'universal'
configure:5825: $? = 1
configure: failed program was:
| /* confdefs.h */
| #define PACKAGE_NAME "REST VOL"
| #define PACKAGE_TARNAME "rest-vol"
| #define PACKAGE_VERSION "1.0.0"
| #define PACKAGE_STRING "REST VOL 1.0.0"
| #define PACKAGE_BUGREPORT "help@hdfgroup.org"
| #define PACKAGE_URL ""
| #define PACKAGE "rest-vol"
| #define VERSION "1.0.0"
| #define STDC_HEADERS 1
| #define HAVE_SYS_TYPES_H 1
| #define HAVE_SYS_STAT_H 1
| #define HAVE_STDLIB_H 1
| #define HAVE_STRING_H 1
| #define HAVE_MEMORY_H 1
| #define HAVE_STRINGS_H 1
| #define HAVE_INTTYPES_H 1
| #define HAVE_STDINT_H 1
| #define HAVE_UNISTD_H 1
| /* end confdefs.h.  */
| #ifndef __APPLE_CC__
| 	       not a universal capable compiler
| 	     #endif
| 	     typedef int dummy;
| 
configure:5870: gcc -c  -g -O2   -I/usr/include conftest.c >&5
configure:5870: $? = 0
configure:5888: gcc -c  -g -O2   -I/usr/include conftest.c >&5
conftest.c: In function 'main':
conftest.c:28:4: error: unknown type name 'not'; did you mean 'ino_t'?
   28 |    not big endian
      |    ^~~
      |    ino_t
conftest.c:28:12: error: expected '=', ',', ';', 'asm' or '__attribute__' before 'endian'
   28 |    not big endian
      |            ^~~~~~
configure:5888: $? = 1
configure: failed program was:
| /* confdefs.h */
| #define PACKAGE_NAME "REST VOL"
| #define PACKAGE_TARNAME "rest-vol"
| #define PACKAGE_VERSION "1.0.0"
| #define PACKAGE_STRING "REST VOL 1.0.0"
| #define PACKAGE_BUGREPORT "help@hdfgroup.org"
| #define PACKAGE_URL ""
| #define PACKAGE "rest-vol"
| #define VERSION "1.0.0"
| #define STDC_HEADERS 1
| #define HAVE_SYS_TYPES_H 1
| #define HAVE_SYS_STAT_H 1
| #define HAVE_STDLIB_H 1
| #define HAVE_STRING_H 1
| #define HAVE_MEMORY_H 1
| #define HAVE_STRINGS_H 1
| #define HAVE_INTTYPES_H 1
| #define HAVE_STDINT_H 1
| #define HAVE_UNISTD_H 1
| /* end confdefs.h.  */
| #include <sys/types.h>
| 		#include <sys/param.h>
| 
| int
| main ()
| {
| #if BYTE_ORDER != BIG_ENDIAN
| 		 not big endian
| 		#endif
| 
|   ;
|   return 0;
| }
configure:6016: result: no
configure:6045: checking for ar
configure:6061: found /opt/rh/devtoolset-9/root/usr/bin/ar
configure:6072: result: ar
configure:6097: checking whether make sets $(MAKE)
configure:6119: result: yes
configure:6137: checking for tr
configure:6155: found /usr/bin/tr
configure:6167: result: /usr/bin/tr
configure:6244: checking how to print strings
configure:6271: result: printf
configure:6292: checking for a sed that does not truncate output
configure:6356: result: /usr/bin/sed
configure:6374: checking for fgrep
configure:6436: result: /usr/bin/grep -F
configure:6471: checking for ld used by gcc
configure:6538: result: /opt/rh/devtoolset-9/root/usr/libexec/gcc/x86_64-redhat-linux/9/ld
configure:6545: checking if the linker (/opt/rh/devtoolset-9/root/usr/libexec/gcc/x86_64-redhat-linux/9/ld) is GNU ld
configure:6560: result: yes
configure:6572: checking for BSD- or MS-compatible name lister (nm)
configure:6621: result: /opt/rh/devtoolset-9/root/usr/bin/nm -B
configure:6751: checking the name lister (/opt/rh/devtoolset-9/root/usr/bin/nm -B) interface
configure:6758: gcc -c  -g -O2   -I/usr/include conftest.c >&5
configure:6761: /opt/rh/devtoolset-9/root/usr/bin/nm -B "conftest.o"
configure:6764: output
0000000000000000 B some_variable
configure:6771: result: BSD nm
configure:6774: checking whether ln -s works
configure:6778: result: yes
configure:6786: checking the maximum length of command line arguments
configure:6916: result: 1572864
configure:6933: checking whether the shell understands some XSI constructs
configure:6943: result: yes
configure:6947: checking whether the shell understands "+="
configure:6953: result: yes
configure:6988: checking how to convert x86_64-unknown-linux-gnu file names to x86_64-unknown-linux-gnu format
configure:7028: result: func_convert_file_noop
configure:7035: checking how to convert x86_64-unknown-linux-gnu file names to toolchain format
configure:7055: result: func_convert_file_noop
configure:7062: checking for /opt/rh/devtoolset-9/root/usr/libexec/gcc/x86_64-redhat-linux/9/ld option to reload object files
configure:7069: result: -r
configure:7143: checking for objdump
configure:7159: found /opt/rh/devtoolset-9/root/usr/bin/objdump
configure:7170: result: objdump
configure:7202: checking how to recognize dependent libraries
configure:7404: result: pass_all
configure:7489: checking for dlltool
configure:7519: result: no
configure:7549: checking how to associate runtime and link libraries
configure:7576: result: printf %s\n
configure:7700: checking for archiver @FILE support
configure:7717: gcc -c  -g -O2   -I/usr/include conftest.c >&5
configure:7717: $? = 0
configure:7720: ar cr libconftest.a @conftest.lst >&5
configure:7723: $? = 0
configure:7728: ar cr libconftest.a @conftest.lst >&5
ar: conftest.o: No such file or directory
configure:7731: $? = 1
configure:7743: result: @
configure:7801: checking for strip
configure:7817: found /opt/rh/devtoolset-9/root/usr/bin/strip
configure:7828: result: strip
configure:7900: checking for ranlib
configure:7916: found /opt/rh/devtoolset-9/root/usr/bin/ranlib
configure:7927: result: ranlib
configure:8029: checking command to parse /opt/rh/devtoolset-9/root/usr/bin/nm -B output from gcc object
configure:8149: gcc -c  -g -O2   -I/usr/include conftest.c >&5
configure:8152: $? = 0
configure:8156: /opt/rh/devtoolset-9/root/usr/bin/nm -B conftest.o \| sed -n -e 's/^.*[ ]\([ABCDGIRSTW][ABCDGIRSTW]*\)[ ][ ]*\([_A-Za-z][_A-Za-z0-9]*\)$/\1 \2 \2/p' | sed '/ __gnu_lto/d' \> conftest.nm
configure:8159: $? = 0
configure:8225: gcc -o conftest  -g -O2   -I/usr/include   conftest.c conftstm.o >&5
configure:8228: $? = 0
configure:8266: result: ok
configure:8303: checking for sysroot
configure:8333: result: no
configure:8410: gcc -c  -g -O2   -I/usr/include conftest.c >&5
configure:8413: $? = 0
configure:8589: checking for mt
configure:8619: result: no
configure:8639: checking if : is a manifest tool
configure:8645: : '-?'
configure:8653: result: no
configure:9292: checking for dlfcn.h
configure:9292: gcc -c  -g -O2   -I/usr/include conftest.c >&5
configure:9292: $? = 0
configure:9292: result: yes
configure:9497: checking for objdir
configure:9512: result: .libs
configure:9783: checking if gcc supports -fno-rtti -fno-exceptions
configure:9801: gcc -c  -g -O2   -I/usr/include -fno-rtti -fno-exceptions conftest.c >&5
cc1: warning: command line option '-fno-rtti' is valid for C++/D/ObjC++ but not for C
configure:9805: $? = 0
configure:9818: result: no
configure:10145: checking for gcc option to produce PIC
configure:10152: result: -fPIC -DPIC
configure:10160: checking if gcc PIC flag -fPIC -DPIC works
configure:10178: gcc -c  -g -O2   -I/usr/include -fPIC -DPIC -DPIC conftest.c >&5
configure:10182: $? = 0
configure:10195: result: yes
configure:10224: checking if gcc static flag -static works
configure:10252: result: no
configure:10267: checking if gcc supports -c -o file.o
configure:10288: gcc -c  -g -O2   -I/usr/include -o out/conftest2.o conftest.c >&5
configure:10292: $? = 0
configure:10314: result: yes
configure:10322: checking if gcc supports -c -o file.o
configure:10369: result: yes
configure:10402: checking whether the gcc linker (/opt/rh/devtoolset-9/root/usr/libexec/gcc/x86_64-redhat-linux/9/ld -m elf_x86_64) supports shared libraries
configure:11555: result: yes
configure:11592: checking whether -lc should be explicitly linked in
configure:11600: gcc -c  -g -O2   -I/usr/include conftest.c >&5
configure:11603: $? = 0
configure:11618: gcc -shared  -fPIC -DPIC conftest.o  -v -Wl,-soname -Wl,conftest -o conftest 2\>\&1 \| /usr/bin/grep  -lc  \>/dev/null 2\>\&1
configure:11621: $? = 0
configure:11635: result: no
configure:11795: checking dynamic linker characteristics
configure:12306: gcc -o conftest  -g -O2   -I/usr/include   -Wl,-rpath -Wl,/foo conftest.c -lyajl -lcurl -lzstd -lzstd -lz -llz4 >&5
configure:12306: $? = 0
configure:12532: result: GNU/Linux ld.so
configure:12639: checking how to hardcode library paths into programs
configure:12664: result: immediate
configure:12758: checking for shl_load
configure:12758: gcc -o conftest  -g -O2   -I/usr/include   conftest.c -lyajl -lcurl -lzstd -lzstd -lz -llz4 >&5
/opt/rh/devtoolset-9/root/usr/libexec/gcc/x86_64-redhat-linux/9/ld: /tmp/ccoMF5cU.o: in function `main':
/root/vol-rest/conftest.c:57: undefined reference to `shl_load'
collect2: error: ld returned 1 exit status
configure:12758: $? = 1
configure: failed program was:
| /* confdefs.h */
| #define PACKAGE_NAME "REST VOL"
| #define PACKAGE_TARNAME "rest-vol"
| #define PACKAGE_VERSION "1.0.0"
| #define PACKAGE_STRING "REST VOL 1.0.0"
| #define PACKAGE_BUGREPORT "help@hdfgroup.org"
| #define PACKAGE_URL ""
| #define PACKAGE "rest-vol"
| #define VERSION "1.0.0"
| #define STDC_HEADERS 1
| #define HAVE_SYS_TYPES_H 1
| #define HAVE_SYS_STAT_H 1
| #define HAVE_STDLIB_H 1
| #define HAVE_STRING_H 1
| #define HAVE_MEMORY_H 1
| #define HAVE_STRINGS_H 1
| #define HAVE_INTTYPES_H 1
| #define HAVE_STDINT_H 1
| #define HAVE_UNISTD_H 1
| #define HAVE_DLFCN_H 1
| #define LT_OBJDIR ".libs/"
| /* end confdefs.h.  */
| /* Define shl_load to an innocuous variant, in case <limits.h> declares shl_load.
|    For example, HP-UX 11i <limits.h> declares gettimeofday.  */
| #define shl_load innocuous_shl_load
| 
| /* System header to define __stub macros and hopefully few prototypes,
|     which can conflict with char shl_load (); below.
|     Prefer <limits.h> to <assert.h> if __STDC__ is defined, since
|     <limits.h> exists even on freestanding compilers.  */
| 
| #ifdef __STDC__
| # include <limits.h>
| #else
| # include <assert.h>
| #endif
| 
| #undef shl_load
| 
| /* Override any GCC internal prototype to avoid an error.
|    Use char because int might match the return type of a GCC
|    builtin and then its argument prototype would still apply.  */
| #ifdef __cplusplus
| extern "C"
| #endif
| char shl_load ();
| /* The GNU C library defines this for functions which it implements
|     to always fail with ENOSYS.  Some functions are actually named
|     something starting with __ and the normal name is an alias.  */
| #if defined __stub_shl_load || defined __stub___shl_load
| choke me
| #endif
| 
| int
| main ()
| {
| return shl_load ();
|   ;
|   return 0;
| }
configure:12758: result: no
configure:12762: checking for shl_load in -ldld
configure:12787: gcc -o conftest  -g -O2   -I/usr/include   conftest.c -ldld  -lyajl -lcurl -lzstd -lzstd -lz -llz4 >&5
/opt/rh/devtoolset-9/root/usr/libexec/gcc/x86_64-redhat-linux/9/ld: cannot find -ldld
collect2: error: ld returned 1 exit status
configure:12787: $? = 1
configure: failed program was:
| /* confdefs.h */
| #define PACKAGE_NAME "REST VOL"
| #define PACKAGE_TARNAME "rest-vol"
| #define PACKAGE_VERSION "1.0.0"
| #define PACKAGE_STRING "REST VOL 1.0.0"
| #define PACKAGE_BUGREPORT "help@hdfgroup.org"
| #define PACKAGE_URL ""
| #define PACKAGE "rest-vol"
| #define VERSION "1.0.0"
| #define STDC_HEADERS 1
| #define HAVE_SYS_TYPES_H 1
| #define HAVE_SYS_STAT_H 1
| #define HAVE_STDLIB_H 1
| #define HAVE_STRING_H 1
| #define HAVE_MEMORY_H 1
| #define HAVE_STRINGS_H 1
| #define HAVE_INTTYPES_H 1
| #define HAVE_STDINT_H 1
| #define HAVE_UNISTD_H 1
| #define HAVE_DLFCN_H 1
| #define LT_OBJDIR ".libs/"
| /* end confdefs.h.  */
| 
| /* Override any GCC internal prototype to avoid an error.
|    Use char because int might match the return type of a GCC
|    builtin and then its argument prototype would still apply.  */
| #ifdef __cplusplus
| extern "C"
| #endif
| char shl_load ();
| int
| main ()
| {
| return shl_load ();
|   ;
|   return 0;
| }
configure:12796: result: no
configure:12801: checking for dlopen
configure:12801: gcc -o conftest  -g -O2   -I/usr/include   conftest.c -lyajl -lcurl -lzstd -lzstd -lz -llz4 >&5
/opt/rh/devtoolset-9/root/usr/libexec/gcc/x86_64-redhat-linux/9/ld: /tmp/ccBrGCq3.o: undefined reference to symbol 'dlopen@@GLIBC_2.2.5'
/opt/rh/devtoolset-9/root/usr/libexec/gcc/x86_64-redhat-linux/9/ld: /lib64/libdl.so.2: error adding symbols: DSO missing from command line
collect2: error: ld returned 1 exit status
configure:12801: $? = 1
configure: failed program was:
| /* confdefs.h */
| #define PACKAGE_NAME "REST VOL"
| #define PACKAGE_TARNAME "rest-vol"
| #define PACKAGE_VERSION "1.0.0"
| #define PACKAGE_STRING "REST VOL 1.0.0"
| #define PACKAGE_BUGREPORT "help@hdfgroup.org"
| #define PACKAGE_URL ""
| #define PACKAGE "rest-vol"
| #define VERSION "1.0.0"
| #define STDC_HEADERS 1
| #define HAVE_SYS_TYPES_H 1
| #define HAVE_SYS_STAT_H 1
| #define HAVE_STDLIB_H 1
| #define HAVE_STRING_H 1
| #define HAVE_MEMORY_H 1
| #define HAVE_STRINGS_H 1
| #define HAVE_INTTYPES_H 1
| #define HAVE_STDINT_H 1
| #define HAVE_UNISTD_H 1
| #define HAVE_DLFCN_H 1
| #define LT_OBJDIR ".libs/"
| /* end confdefs.h.  */
| /* Define dlopen to an innocuous variant, in case <limits.h> declares dlopen.
|    For example, HP-UX 11i <limits.h> declares gettimeofday.  */
| #define dlopen innocuous_dlopen
| 
| /* System header to define __stub macros and hopefully few prototypes,
|     which can conflict with char dlopen (); below.
|     Prefer <limits.h> to <assert.h> if __STDC__ is defined, since
|     <limits.h> exists even on freestanding compilers.  */
| 
| #ifdef __STDC__
| # include <limits.h>
| #else
| # include <assert.h>
| #endif
| 
| #undef dlopen
| 
| /* Override any GCC internal prototype to avoid an error.
|    Use char because int might match the return type of a GCC
|    builtin and then its argument prototype would still apply.  */
| #ifdef __cplusplus
| extern "C"
| #endif
| char dlopen ();
| /* The GNU C library defines this for functions which it implements
|     to always fail with ENOSYS.  Some functions are actually named
|     something starting with __ and the normal name is an alias.  */
| #if defined __stub_dlopen || defined __stub___dlopen
| choke me
| #endif
| 
| int
| main ()
| {
| return dlopen ();
|   ;
|   return 0;
| }
configure:12801: result: no
configure:12805: checking for dlopen in -ldl
configure:12830: gcc -o conftest  -g -O2   -I/usr/include   conftest.c -ldl  -lyajl -lcurl -lzstd -lzstd -lz -llz4 >&5
configure:12830: $? = 0
configure:12839: result: yes
configure:12958: checking whether a program can dlopen itself
configure:13038: gcc -o conftest  -g -O2   -I/usr/include -DHAVE_DLFCN_H   -Wl,--export-dynamic conftest.c -ldl -lyajl -lcurl -lzstd -lzstd -lz -llz4 >&5
configure:13041: $? = 0
configure:13059: result: yes
configure:13064: checking whether a statically linked program can dlopen itself
configure:13144: gcc -o conftest  -g -O2   -I/usr/include -DHAVE_DLFCN_H   -Wl,--export-dynamic  conftest.c -ldl -lyajl -lcurl -lzstd -lzstd -lz -llz4 >&5
configure:13147: $? = 0
configure:13165: result: yes
configure:13204: checking whether stripping libraries is possible
configure:13209: result: yes
configure:13244: checking if libtool supports shared libraries
configure:13246: result: yes
configure:13249: checking whether to build shared libraries
configure:13270: result: yes
configure:13273: checking whether to build static libraries
configure:13277: result: yes
configure:13325: checking if we should install only statically linked executables
configure:13370: checking if -Wl,-rpath should be used to link shared libs in nondefault directories
configure:13388: result: yes
configure:13401: checking for ceil in -lm
configure:13426: gcc -o conftest  -g -O2   -I/usr/include   conftest.c -lm  -lyajl -lcurl -lzstd -lzstd -lz -llz4 >&5
conftest.c:30:6: warning: conflicting types for built-in function 'ceil'; expected 'double(double)' [-Wbuiltin-declaration-mismatch]
   30 | char ceil ();
      |      ^~~~
conftest.c:1:1: note: 'ceil' is declared in header '<math.h>'
    1 | /* confdefs.h */
configure:13426: $? = 0
configure:13435: result: yes
configure:13446: checking for dlopen in -ldl
configure:13480: result: yes
configure:13495: checking for ANSI C header files
configure:13599: result: yes
configure:13607: checking whether time.h and sys/time.h may both be included
configure:13627: gcc -c  -g -O2   -I/usr/include conftest.c >&5
configure:13627: $? = 0
configure:13634: result: yes
configure:13647: checking sys/resource.h usability
configure:13647: gcc -c  -g -O2   -I/usr/include conftest.c >&5
configure:13647: $? = 0
configure:13647: result: yes
configure:13647: checking sys/resource.h presence
configure:13647: gcc -E   -I/usr/include conftest.c
configure:13647: $? = 0
configure:13647: result: yes
configure:13647: checking for sys/resource.h
configure:13647: result: yes
configure:13647: checking sys/time.h usability
configure:13647: gcc -c  -g -O2   -I/usr/include conftest.c >&5
configure:13647: $? = 0
configure:13647: result: yes
configure:13647: checking sys/time.h presence
configure:13647: gcc -E   -I/usr/include conftest.c
configure:13647: $? = 0
configure:13647: result: yes
configure:13647: checking for sys/time.h
configure:13647: result: yes
configure:13647: checking for unistd.h
configure:13647: result: yes
configure:13647: checking sys/ioctl.h usability
configure:13647: gcc -c  -g -O2   -I/usr/include conftest.c >&5
configure:13647: $? = 0
configure:13647: result: yes
configure:13647: checking sys/ioctl.h presence
configure:13647: gcc -E   -I/usr/include conftest.c
configure:13647: $? = 0
configure:13647: result: yes
configure:13647: checking for sys/ioctl.h
configure:13647: result: yes
configure:13647: checking for sys/stat.h
configure:13647: result: yes
configure:13660: checking sys/socket.h usability
configure:13660: gcc -c  -g -O2   -I/usr/include conftest.c >&5
configure:13660: $? = 0
configure:13660: result: yes
configure:13660: checking sys/socket.h presence
configure:13660: gcc -E   -I/usr/include conftest.c
configure:13660: $? = 0
configure:13660: result: yes
configure:13660: checking for sys/socket.h
configure:13660: result: yes
configure:13660: checking for sys/types.h
configure:13660: result: yes
configure:13660: checking sys/file.h usability
configure:13660: gcc -c  -g -O2   -I/usr/include conftest.c >&5
configure:13660: $? = 0
configure:13660: result: yes
configure:13660: checking sys/file.h presence
configure:13660: gcc -E   -I/usr/include conftest.c
configure:13660: $? = 0
configure:13660: result: yes
configure:13660: checking for sys/file.h
configure:13660: result: yes
configure:13673: checking stddef.h usability
configure:13673: gcc -c  -g -O2   -I/usr/include conftest.c >&5
configure:13673: $? = 0
configure:13673: result: yes
configure:13673: checking stddef.h presence
configure:13673: gcc -E   -I/usr/include conftest.c
configure:13673: $? = 0
configure:13673: result: yes
configure:13673: checking for stddef.h
configure:13673: result: yes
configure:13673: checking setjmp.h usability
configure:13673: gcc -c  -g -O2   -I/usr/include conftest.c >&5
configure:13673: $? = 0
configure:13673: result: yes
configure:13673: checking setjmp.h presence
configure:13673: gcc -E   -I/usr/include conftest.c
configure:13673: $? = 0
configure:13673: result: yes
configure:13673: checking for setjmp.h
configure:13673: result: yes
configure:13673: checking features.h usability
configure:13673: gcc -c  -g -O2   -I/usr/include conftest.c >&5
configure:13673: $? = 0
configure:13673: result: yes
configure:13673: checking features.h presence
configure:13673: gcc -E   -I/usr/include conftest.c
configure:13673: $? = 0
configure:13673: result: yes
configure:13673: checking for features.h
configure:13673: result: yes
configure:13685: checking dirent.h usability
configure:13685: gcc -c  -g -O2   -I/usr/include conftest.c >&5
configure:13685: $? = 0
configure:13685: result: yes
configure:13685: checking dirent.h presence
configure:13685: gcc -E   -I/usr/include conftest.c
configure:13685: $? = 0
configure:13685: result: yes
configure:13685: checking for dirent.h
configure:13685: result: yes
configure:13697: checking for stdint.h
configure:13697: result: yes
configure:13709: checking stdbool.h usability
configure:13709: gcc -c  -g -O2   -I/usr/include conftest.c >&5
configure:13709: $? = 0
configure:13709: result: yes
configure:13709: checking stdbool.h presence
configure:13709: gcc -E   -I/usr/include conftest.c
configure:13709: $? = 0
configure:13709: result: yes
configure:13709: checking for stdbool.h
configure:13709: result: yes
configure:13723: checking mach/mach_time.h usability
configure:13723: gcc -c  -g -O2   -I/usr/include conftest.c >&5
conftest.c:74:10: fatal error: mach/mach_time.h: No such file or directory
   74 | #include <mach/mach_time.h>
      |          ^~~~~~~~~~~~~~~~~~
compilation terminated.
configure:13723: $? = 1
configure: failed program was:
| /* confdefs.h */
| #define PACKAGE_NAME "REST VOL"
| #define PACKAGE_TARNAME "rest-vol"
| #define PACKAGE_VERSION "1.0.0"
| #define PACKAGE_STRING "REST VOL 1.0.0"
| #define PACKAGE_BUGREPORT "help@hdfgroup.org"
| #define PACKAGE_URL ""
| #define PACKAGE "rest-vol"
| #define VERSION "1.0.0"
| #define STDC_HEADERS 1
| #define HAVE_SYS_TYPES_H 1
| #define HAVE_SYS_STAT_H 1
| #define HAVE_STDLIB_H 1
| #define HAVE_STRING_H 1
| #define HAVE_MEMORY_H 1
| #define HAVE_STRINGS_H 1
| #define HAVE_INTTYPES_H 1
| #define HAVE_STDINT_H 1
| #define HAVE_UNISTD_H 1
| #define HAVE_DLFCN_H 1
| #define LT_OBJDIR ".libs/"
| #define HAVE_LIBM 1
| #define HAVE_LIBDL 1
| #define STDC_HEADERS 1
| #define TIME_WITH_SYS_TIME 1
| #define HAVE_SYS_RESOURCE_H 1
| #define HAVE_SYS_TIME_H 1
| #define HAVE_UNISTD_H 1
| #define HAVE_SYS_IOCTL_H 1
| #define HAVE_SYS_STAT_H 1
| #define HAVE_SYS_SOCKET_H 1
| #define HAVE_SYS_TYPES_H 1
| #define HAVE_SYS_FILE_H 1
| #define HAVE_STDDEF_H 1
| #define HAVE_SETJMP_H 1
| #define HAVE_FEATURES_H 1
| #define HAVE_DIRENT_H 1
| #define HAVE_STDINT_H 1
| #define HAVE_STDBOOL_H 1
| /* end confdefs.h.  */
| #include <stdio.h>
| #ifdef HAVE_SYS_TYPES_H
| # include <sys/types.h>
| #endif
| #ifdef HAVE_SYS_STAT_H
| # include <sys/stat.h>
| #endif
| #ifdef STDC_HEADERS
| # include <stdlib.h>
| # include <stddef.h>
| #else
| # ifdef HAVE_STDLIB_H
| #  include <stdlib.h>
| # endif
| #endif
| #ifdef HAVE_STRING_H
| # if !defined STDC_HEADERS && defined HAVE_MEMORY_H
| #  include <memory.h>
| # endif
| # include <string.h>
| #endif
| #ifdef HAVE_STRINGS_H
| # include <strings.h>
| #endif
| #ifdef HAVE_INTTYPES_H
| # include <inttypes.h>
| #endif
| #ifdef HAVE_STDINT_H
| # include <stdint.h>
| #endif
| #ifdef HAVE_UNISTD_H
| # include <unistd.h>
| #endif
| #include <mach/mach_time.h>
configure:13723: result: no
configure:13723: checking mach/mach_time.h presence
configure:13723: gcc -E   -I/usr/include conftest.c
conftest.c:41:10: fatal error: mach/mach_time.h: No such file or directory
   41 | #include <mach/mach_time.h>
      |          ^~~~~~~~~~~~~~~~~~
compilation terminated.
configure:13723: $? = 1
configure: failed program was:
| /* confdefs.h */
| #define PACKAGE_NAME "REST VOL"
| #define PACKAGE_TARNAME "rest-vol"
| #define PACKAGE_VERSION "1.0.0"
| #define PACKAGE_STRING "REST VOL 1.0.0"
| #define PACKAGE_BUGREPORT "help@hdfgroup.org"
| #define PACKAGE_URL ""
| #define PACKAGE "rest-vol"
| #define VERSION "1.0.0"
| #define STDC_HEADERS 1
| #define HAVE_SYS_TYPES_H 1
| #define HAVE_SYS_STAT_H 1
| #define HAVE_STDLIB_H 1
| #define HAVE_STRING_H 1
| #define HAVE_MEMORY_H 1
| #define HAVE_STRINGS_H 1
| #define HAVE_INTTYPES_H 1
| #define HAVE_STDINT_H 1
| #define HAVE_UNISTD_H 1
| #define HAVE_DLFCN_H 1
| #define LT_OBJDIR ".libs/"
| #define HAVE_LIBM 1
| #define HAVE_LIBDL 1
| #define STDC_HEADERS 1
| #define TIME_WITH_SYS_TIME 1
| #define HAVE_SYS_RESOURCE_H 1
| #define HAVE_SYS_TIME_H 1
| #define HAVE_UNISTD_H 1
| #define HAVE_SYS_IOCTL_H 1
| #define HAVE_SYS_STAT_H 1
| #define HAVE_SYS_SOCKET_H 1
| #define HAVE_SYS_TYPES_H 1
| #define HAVE_SYS_FILE_H 1
| #define HAVE_STDDEF_H 1
| #define HAVE_SETJMP_H 1
| #define HAVE_FEATURES_H 1
| #define HAVE_DIRENT_H 1
| #define HAVE_STDINT_H 1
| #define HAVE_STDBOOL_H 1
| /* end confdefs.h.  */
| #include <mach/mach_time.h>
configure:13723: result: no
configure:13723: checking for mach/mach_time.h
configure:13723: result: no
configure:13762: checking if libtool needs -no-undefined flag to build shared libraries
configure:13773: result: no
configure:13923: checking size of off_t
configure:13928: gcc -o conftest     -g -O2 -D_GNU_SOURCE -D_POSIX_C_SOURCE=200112L      -I/usr/include   conftest.c -ldl -lm -lyajl -lcurl -lzstd -lzstd -lz -llz4 >&5
configure:13928: $? = 0
configure:13928: ./conftest
configure:13928: $? = 0
configure:13942: result: 8
configure:13965: checking size of bool
configure:13970: gcc -o conftest     -g -O2 -D_GNU_SOURCE -D_POSIX_C_SOURCE=200112L      -I/usr/include   conftest.c -ldl -lm -lyajl -lcurl -lzstd -lzstd -lz -llz4 >&5
configure:13970: $? = 0
configure:13970: ./conftest
configure:13970: $? = 0
configure:13984: result: 1
configure:14087: checking for snprintf
configure:14087: gcc -o conftest     -g -O2 -D_GNU_SOURCE -D_POSIX_C_SOURCE=200112L      -I/usr/include   conftest.c -ldl -lm -lyajl -lcurl -lzstd -lzstd -lz -llz4 >&5
conftest.c:74:6: warning: conflicting types for built-in function 'snprintf'; expected 'int(char *, long unsigned int,  const char *, ...)' [-Wbuiltin-declaration-mismatch]
   74 | char snprintf ();
      |      ^~~~~~~~
conftest.c:62:1: note: 'snprintf' is declared in header '<stdio.h>'
   61 | # include <limits.h>
   62 | #else
configure:14087: $? = 0
configure:14087: result: yes
configure:14100: checking for an ANSI C-conforming const
configure:14166: gcc -c     -g -O2 -D_GNU_SOURCE -D_POSIX_C_SOURCE=200112L      -I/usr/include conftest.c >&5
configure:14166: $? = 0
configure:14173: result: yes
configure:14185: checking enable cURL debugging
configure:14210: result: no
configure:14221: checking enable memory tracking
configure:14246: result: no
configure:14258: checking HDF5 source distribution install directory
configure:14274: result: /usr/hdf5
configure:14280: checking cURL install directory
configure:14305: result: /usr/curl
configure:14311: checking YAJL install directory
configure:14336: result: 
configure:14342: checking enable tests
configure:14369: result: yes
configure:14385: checking enable examples
configure:14412: result: yes
configure:14428: checking enable tools
configure:14459: result: no
configure:14471: checking enable debugging symbols
configure:14499: result: no
configure:14513: checking enable asserts
configure:14541: result: no
configure:14552: checking profiling
configure:14575: result: no
configure:14589: checking optimization level
configure:14618: result: high
configure:14829: creating ./config.lt

## ------------------ ##
## Running config.lt. ##
## ------------------ ##
config.lt:625: creating libtool
configure:16351: checking that generated files are newer than configure
configure:16357: result: done
configure:16421: creating ./config.status

## ---------------------- ##
## Running config.status. ##
## ---------------------- ##

This file was extended by REST VOL config.status 1.0.0, which was
generated by GNU Autoconf 2.69.  Invocation command line was

  CONFIG_FILES    = 
  CONFIG_HEADERS  = 
  CONFIG_LINKS    = 
  CONFIG_COMMANDS = 
  $ ./config.status 

on hepslustretest02.ihep.ac.cn

config.status:1168: creating src/libhdf5_vol_rest.settings
config.status:1168: creating Makefile
config.status:1168: creating src/Makefile
config.status:1168: creating test/Makefile
config.status:1168: creating examples/Makefile
config.status:1168: creating examples/run-c-ex.sh
config.status:1168: creating src/rest_vol_config.h
config.status:1397: executing pubconf commands
config.status:1397: executing depfiles commands
config.status:1397: executing libtool commands

## ---------------- ##
## Cache variables. ##
## ---------------- ##

ac_cv_build=x86_64-unknown-linux-gnu
ac_cv_c_bigendian=no
ac_cv_c_compiler_gnu=yes
ac_cv_c_const=yes
ac_cv_env_CC_set=
ac_cv_env_CC_value=
ac_cv_env_CFLAGS_set=
ac_cv_env_CFLAGS_value=
ac_cv_env_CPPFLAGS_set=
ac_cv_env_CPPFLAGS_value=
ac_cv_env_CPP_set=
ac_cv_env_CPP_value=
ac_cv_env_LDFLAGS_set=
ac_cv_env_LDFLAGS_value=
ac_cv_env_LIBS_set=set
ac_cv_env_LIBS_value=-lzstd
ac_cv_env_build_alias_set=
ac_cv_env_build_alias_value=
ac_cv_env_host_alias_set=
ac_cv_env_host_alias_value=
ac_cv_env_target_alias_set=
ac_cv_env_target_alias_value=
ac_cv_func_dlopen=no
ac_cv_func_shl_load=no
ac_cv_func_snprintf=yes
ac_cv_header_dirent_h=yes
ac_cv_header_dlfcn_h=yes
ac_cv_header_features_h=yes
ac_cv_header_inttypes_h=yes
ac_cv_header_mach_mach_time_h=no
ac_cv_header_memory_h=yes
ac_cv_header_setjmp_h=yes
ac_cv_header_stdbool_h=yes
ac_cv_header_stdc=yes
ac_cv_header_stddef_h=yes
ac_cv_header_stdint_h=yes
ac_cv_header_stdlib_h=yes
ac_cv_header_string_h=yes
ac_cv_header_strings_h=yes
ac_cv_header_sys_file_h=yes
ac_cv_header_sys_ioctl_h=yes
ac_cv_header_sys_resource_h=yes
ac_cv_header_sys_socket_h=yes
ac_cv_header_sys_stat_h=yes
ac_cv_header_sys_time_h=yes
ac_cv_header_sys_types_h=yes
ac_cv_header_time=yes
ac_cv_header_unistd_h=yes
ac_cv_host=x86_64-unknown-linux-gnu
ac_cv_lib_dl_dlopen=yes
ac_cv_lib_dld_shl_load=no
ac_cv_lib_m_ceil=yes
ac_cv_objext=o
ac_cv_path_EGREP='/usr/bin/grep -E'
ac_cv_path_FGREP='/usr/bin/grep -F'
ac_cv_path_GREP=/usr/bin/grep
ac_cv_path_SED=/usr/bin/sed
ac_cv_path_TR=/usr/bin/tr
ac_cv_path_install='/usr/bin/install -c'
ac_cv_path_mkdir=/usr/bin/mkdir
ac_cv_prog_AR=ar
ac_cv_prog_AWK=gawk
ac_cv_prog_CPP='gcc -E'
ac_cv_prog_ac_ct_CC=gcc
ac_cv_prog_ac_ct_OBJDUMP=objdump
ac_cv_prog_ac_ct_RANLIB=ranlib
ac_cv_prog_ac_ct_STRIP=strip
ac_cv_prog_cc_c89=
ac_cv_prog_cc_g=yes
ac_cv_prog_make_make_set=yes
ac_cv_search_curl_easy_setopt=-lcurl
ac_cv_search_yajl_tree_get=-lyajl
ac_cv_sizeof_bool=1
ac_cv_sizeof_off_t=8
ac_cv_type_off_t=yes
ac_cv_type_ptrdiff_t=yes
ac_cv_type_size_t=yes
ac_cv_type_ssize_t=yes
am_cv_CC_dependencies_compiler_type=gcc3
am_cv_make_support_nested_variables=yes
hdf5_cv_host=x86_64-unknown-linux-gnu
lt_cv_ar_at_file=@
lt_cv_archive_cmds_need_lc=no
lt_cv_deplibs_check_method=pass_all
lt_cv_dlopen=dlopen
lt_cv_dlopen_libs=-ldl
lt_cv_dlopen_self=yes
lt_cv_dlopen_self_static=yes
lt_cv_file_magic_cmd='$MAGIC_CMD'
lt_cv_file_magic_test_file=
lt_cv_ld_reload_flag=-r
lt_cv_nm_interface='BSD nm'
lt_cv_objdir=.libs
lt_cv_path_LD=/opt/rh/devtoolset-9/root/usr/libexec/gcc/x86_64-redhat-linux/9/ld
lt_cv_path_NM='/opt/rh/devtoolset-9/root/usr/bin/nm -B'
lt_cv_path_mainfest_tool=no
lt_cv_prog_compiler_c_o=yes
lt_cv_prog_compiler_pic='-fPIC -DPIC'
lt_cv_prog_compiler_pic_works=yes
lt_cv_prog_compiler_rtti_exceptions=no
lt_cv_prog_compiler_static_works=no
lt_cv_prog_gnu_ld=yes
lt_cv_sharedlib_from_linklib_cmd='printf %s\n'
lt_cv_shlibpath_overrides_runpath=no
lt_cv_sys_global_symbol_pipe='sed -n -e '\''s/^.*[	 ]\([ABCDGIRSTW][ABCDGIRSTW]*\)[	 ][	 ]*\([_A-Za-z][_A-Za-z0-9]*\)$/\1 \2 \2/p'\'' | sed '\''/ __gnu_lto/d'\'''
lt_cv_sys_global_symbol_to_c_name_address='sed -n -e '\''s/^: \([^ ]*\)[ ]*$/  {\"\1\", (void *) 0},/p'\'' -e '\''s/^[ABCDGIRSTW]* \([^ ]*\) \([^ ]*\)$/  {"\2", (void *) \&\2},/p'\'''
lt_cv_sys_global_symbol_to_c_name_address_lib_prefix='sed -n -e '\''s/^: \([^ ]*\)[ ]*$/  {\"\1\", (void *) 0},/p'\'' -e '\''s/^[ABCDGIRSTW]* \([^ ]*\) \(lib[^ ]*\)$/  {"\2", (void *) \&\2},/p'\'' -e '\''s/^[ABCDGIRSTW]* \([^ ]*\) \([^ ]*\)$/  {"lib\2", (void *) \&\2},/p'\'''
lt_cv_sys_global_symbol_to_cdecl='sed -n -e '\''s/^T .* \(.*\)$/extern int \1();/p'\'' -e '\''s/^[ABCDGIRSTW]* .* \(.*\)$/extern char \1;/p'\'''
lt_cv_sys_max_cmd_len=1572864
lt_cv_to_host_file_cmd=func_convert_file_noop
lt_cv_to_tool_file_cmd=func_convert_file_noop

## ----------------- ##
## Output variables. ##
## ----------------- ##

ACLOCAL='${SHELL} /root/vol-rest/bin/missing aclocal-1.13'
AMDEPBACKSLASH='\'
AMDEP_FALSE='#'
AMDEP_TRUE=''
AMTAR='$${TAR-tar}'
AM_BACKSLASH='\'
AM_CFLAGS=''
AM_CPPFLAGS=''
AM_DEFAULT_V='$(AM_DEFAULT_VERBOSITY)'
AM_DEFAULT_VERBOSITY='0'
AM_LDFLAGS=''
AM_V='$(V)'
AR='ar'
AR_FLAGS='cr'
ASSERTS='no'
AUTOCONF='${SHELL} /root/vol-rest/bin/missing autoconf'
AUTOHEADER='${SHELL} /root/vol-rest/bin/missing autoheader'
AUTOMAKE='${SHELL} /root/vol-rest/bin/missing automake-1.13'
AWK='gawk'
BUILD_EXAMPLES='yes'
BUILD_EXAMPLES_FALSE='#'
BUILD_EXAMPLES_TRUE=''
BUILD_MODE='production'
BUILD_TESTS='yes'
BUILD_TESTS_FALSE='#'
BUILD_TESTS_TRUE=''
BUILD_TOOLS='no'
BUILD_TOOLS_FALSE=''
BUILD_TOOLS_TRUE='#'
BYTESEX='little-endian'
CC='gcc'
CCDEPMODE='depmode=gcc3'
CC_VERSION='/opt/rh/devtoolset-9/root/usr/bin/gcc'
CFLAGS='-g -O2'
CONFIG_DATE='Sat Dec  7 17:53:45 CST 2024'
CONFIG_MODE=''
CONFIG_USER='root@hepslustretest02.ihep.ac.cn'
CPP='gcc -E'
CPPFLAGS=' -I/usr/include'
CURL_DEBUG='no'
CURL_DEFAULT_DIR_FALSE=''
CURL_DEFAULT_DIR_TRUE='#'
CYGPATH_W='echo'
DEBUG_ENABLED_FALSE=''
DEBUG_ENABLED_TRUE='#'
DEFS='-DHAVE_CONFIG_H'
DEPDIR='.deps'
DLLTOOL='false'
DSYMUTIL=''
DUMPBIN=''
ECHO_C=''
ECHO_N='-n'
ECHO_T=''
EGREP='/usr/bin/grep -E'
EXEEXT=''
FGREP='/usr/bin/grep -F'
GREP='/usr/bin/grep'
H5_CFLAGS='   '
H5_CPPFLAGS='-D_GNU_SOURCE -D_POSIX_C_SOURCE=200112L   -DNDEBUG'
H5_LDFLAGS=''
HAVE_SHARED_CONDITIONAL_FALSE='#'
HAVE_SHARED_CONDITIONAL_TRUE=''
INSTALL_DATA='${INSTALL} -m 644'
INSTALL_PROGRAM='${INSTALL}'
INSTALL_SCRIPT='${INSTALL}'
INSTALL_STRIP_PROGRAM='$(install_sh) -c -s'
LD='/opt/rh/devtoolset-9/root/usr/libexec/gcc/x86_64-redhat-linux/9/ld -m elf_x86_64'
LDFLAGS=''
LIBOBJS=''
LIBS='-ldl -lm -lyajl -lcurl -lzstd -lzstd -lz -llz4'
LIBTOOL='$(SHELL) $(top_builddir)/libtool'
LIB_SUFFIX='64'
LIPO=''
LN_S='ln -s'
LTLIBOBJS=''
LT_STATIC_EXEC=''
MAINT='#'
MAINTAINER_MODE_FALSE=''
MAINTAINER_MODE_TRUE='#'
MAKEINFO='${SHELL} /root/vol-rest/bin/missing makeinfo'
MANIFEST_TOOL=':'
MKDIR_P='/usr/bin/mkdir -p'
NM='/opt/rh/devtoolset-9/root/usr/bin/nm -B'
NMEDIT=''
OBJDUMP='objdump'
OBJEXT='o'
OPTIMIZATION='high'
OTOOL64=''
OTOOL=''
PACKAGE='rest-vol'
PACKAGE_BUGREPORT='help@hdfgroup.org'
PACKAGE_NAME='REST VOL'
PACKAGE_STRING='REST VOL 1.0.0'
PACKAGE_TARNAME='rest-vol'
PACKAGE_URL=''
PACKAGE_VERSION='1.0.0'
PATH_SEPARATOR=':'
PROFILING='no'
RANLIB='ranlib'
ROOT='/root/vol-rest'
RV_CFLAGS=''
RV_CPPFLAGS=''
RV_CURL_INSTALL_DIR='/usr/curl'
RV_HDF5_INSTALL_DIR='/usr/hdf5'
RV_LDFLAGS=''
RV_VERSION='currently'
RV_YAJL_INSTALL_DIR=''
SEARCH='$(srcdir) $(top_builddir)/src $(top_srcdir)/src'
SED='/usr/bin/sed'
SET_MAKE=''
SHELL='/bin/sh'
STATIC_EXEC='no'
STATIC_SHARED=''
STRIP='strip'
SYMBOLS='no'
TR='/usr/bin/tr'
TRACK_MEM_USAGE='no'
UNAME_INFO='Linux hepslustretest02.ihep.ac.cn 3.10.0-1160.105.1.el7.x86_64 #1 SMP Thu Dec 7 15:39:45 UTC 2023 x86_64 x86_64 x86_64 GNU/Linux'
USE_PLUGINS_CONDITIONAL_FALSE='#'
USE_PLUGINS_CONDITIONAL_TRUE=''
VERSION='1.0.0'
WORDS_BIGENDIAN='no'
YAJL_DEFAULT_DIR_FALSE='#'
YAJL_DEFAULT_DIR_TRUE=''
ac_ct_AR=''
ac_ct_CC='gcc'
ac_ct_DUMPBIN=''
am__EXEEXT_FALSE=''
am__EXEEXT_TRUE='#'
am__fastdepCC_FALSE='#'
am__fastdepCC_TRUE=''
am__include='include'
am__isrc=''
am__leading_dot='.'
am__nodep='_no'
am__quote=''
am__tar='$${TAR-tar} chof - "$$tardir"'
am__untar='$${TAR-tar} xf -'
bindir='${exec_prefix}/bin'
build='x86_64-unknown-linux-gnu'
build_alias=''
build_cpu='x86_64'
build_os='linux-gnu'
build_vendor='unknown'
datadir='${datarootdir}'
datarootdir='${prefix}/share'
docdir='${datarootdir}/doc/${PACKAGE_TARNAME}'
dvidir='${docdir}'
enable_shared='yes'
enable_static='yes'
exec_prefix='${prefix}'
host='x86_64-unknown-linux-gnu'
host_alias=''
host_cpu='x86_64'
host_os='linux-gnu'
host_vendor='unknown'
htmldir='${docdir}'
includedir='${prefix}/include'
infodir='${datarootdir}/info'
install_sh='${SHELL} /root/vol-rest/bin/install-sh'
libdir='${exec_prefix}/lib'
libexecdir='${exec_prefix}/libexec'
localedir='${datarootdir}/locale'
localstatedir='${prefix}/var'
mandir='${datarootdir}/man'
mkdir_p='$(MKDIR_P)'
oldincludedir='/usr/include'
pdfdir='${docdir}'
prefix='/usr/vol-rest'
program_transform_name='s,x,x,'
psdir='${docdir}'
sbindir='${exec_prefix}/sbin'
sharedstatedir='${prefix}/com'
sysconfdir='${prefix}/etc'
target_alias=''

## ----------- ##
## confdefs.h. ##
## ----------- ##

/* confdefs.h */
#define PACKAGE_NAME "REST VOL"
#define PACKAGE_TARNAME "rest-vol"
#define PACKAGE_VERSION "1.0.0"
#define PACKAGE_STRING "REST VOL 1.0.0"
#define PACKAGE_BUGREPORT "help@hdfgroup.org"
#define PACKAGE_URL ""
#define PACKAGE "rest-vol"
#define VERSION "1.0.0"
#define STDC_HEADERS 1
#define HAVE_SYS_TYPES_H 1
#define HAVE_SYS_STAT_H 1
#define HAVE_STDLIB_H 1
#define HAVE_STRING_H 1
#define HAVE_MEMORY_H 1
#define HAVE_STRINGS_H 1
#define HAVE_INTTYPES_H 1
#define HAVE_STDINT_H 1
#define HAVE_UNISTD_H 1
#define HAVE_DLFCN_H 1
#define LT_OBJDIR ".libs/"
#define HAVE_LIBM 1
#define HAVE_LIBDL 1
#define STDC_HEADERS 1
#define TIME_WITH_SYS_TIME 1
#define HAVE_SYS_RESOURCE_H 1
#define HAVE_SYS_TIME_H 1
#define HAVE_UNISTD_H 1
#define HAVE_SYS_IOCTL_H 1
#define HAVE_SYS_STAT_H 1
#define HAVE_SYS_SOCKET_H 1
#define HAVE_SYS_TYPES_H 1
#define HAVE_SYS_FILE_H 1
#define HAVE_STDDEF_H 1
#define HAVE_SETJMP_H 1
#define HAVE_FEATURES_H 1
#define HAVE_DIRENT_H 1
#define HAVE_STDINT_H 1
#define HAVE_STDBOOL_H 1
#include <sys/types.h>
#include <stdint.h>
#include <sys/types.h> /*for off_t definition*/
#define SIZEOF_OFF_T 8
#ifdef HAVE_STDBOOL_H
#include <stdbool.h> /* for bool definition */
#else
#define bool _Bool
#endif
#define SIZEOF_BOOL 1
#define HAVE_SNPRINTF 1

configure: exit 0
